This is pdfTeX, Version 3.14159265-2.6-1.40.17 (TeX Live 2016 on Slackware (SlackBuilds.org)) (preloaded format=pdflatex 2018.8.16)  16 AUG 2018 13:21
entering extended mode
 restricted \write18 enabled.
 %&-line parsing enabled.
**pres_quasincompact3d.tex
(./pres_quasincompact3d.tex
LaTeX2e <2016/03/31> patch level 3
Babel <3.9r> and hyphenation patterns for 83 language(s) loaded.
(/usr/share/texmf-dist/tex/latex/beamer/beamer.cls
(/usr/share/texmf-dist/tex/latex/beamer/beamerbasercs.sty
Package: beamerbasercs 2015/03/08 (rcs-revision 368aa9ba9d38)
)
Document Class: beamer 2015/01/05 3.36 A class for typesetting presentations (r
cs-revision 8a39122e1f63)
(/usr/share/texmf-dist/tex/latex/beamer/beamerbasemodes.sty
Package: beamerbasemodes 2013/09/03 (rcs-revision 768f2d98ca64)
\beamer@tempbox=\box26
\beamer@tempcount=\count79
\c@beamerpauses=\count80

(/usr/share/texmf-dist/tex/latex/beamer/beamerbasedecode.sty
Package: beamerbasedecode 2010/05/01 (rcs-revision efa082c6111d)
\beamer@slideinframe=\count81
\beamer@minimum=\count82
)
\beamer@commentbox=\box27
\beamer@modecount=\count83
)
(/usr/share/texmf-dist/tex/generic/oberdiek/ifpdf.sty
Package: ifpdf 2016/05/14 v3.1 Provides the ifpdf switch
)
\headheight=\dimen102
\headdp=\dimen103
\footheight=\dimen104
\sidebarheight=\dimen105
\beamer@tempdim=\dimen106
\beamer@finalheight=\dimen107
\beamer@animht=\dimen108
\beamer@animdp=\dimen109
\beamer@animwd=\dimen110
\beamer@leftmargin=\dimen111
\beamer@rightmargin=\dimen112
\beamer@leftsidebar=\dimen113
\beamer@rightsidebar=\dimen114
\beamer@boxsize=\dimen115
\beamer@vboxoffset=\dimen116
\beamer@descdefault=\dimen117
\beamer@descriptionwidth=\dimen118
\beamer@lastskip=\skip41
\beamer@areabox=\box28
\beamer@animcurrent=\box29
\beamer@animshowbox=\box30
\beamer@sectionbox=\box31
\beamer@logobox=\box32
\beamer@linebox=\box33
\beamer@sectioncount=\count84
\beamer@subsubsectionmax=\count85
\beamer@subsectionmax=\count86
\beamer@sectionmax=\count87
\beamer@totalheads=\count88
\beamer@headcounter=\count89
\beamer@partstartpage=\count90
\beamer@sectionstartpage=\count91
\beamer@subsectionstartpage=\count92
\beamer@animationtempa=\count93
\beamer@animationtempb=\count94
\beamer@xpos=\count95
\beamer@ypos=\count96
\beamer@showpartnumber=\count97
\beamer@currentsubsection=\count98
\beamer@coveringdepth=\count99
\beamer@sectionadjust=\count100
\beamer@tocsectionnumber=\count101

(/usr/share/texmf-dist/tex/latex/beamer/beamerbaseoptions.sty
Package: beamerbaseoptions 2013/03/10 (rcs-revision 47431932db0d)

(/usr/share/texmf-dist/tex/latex/graphics/keyval.sty
Package: keyval 2014/10/28 v1.15 key=value parser (DPC)
\KV@toks@=\toks14
))
\beamer@paperwidth=\skip42
\beamer@paperheight=\skip43

(/usr/share/texmf-dist/tex/latex/geometry/geometry.sty
Package: geometry 2010/09/12 v5.6 Page Geometry

(/usr/share/texmf-dist/tex/generic/oberdiek/ifvtex.sty
Package: ifvtex 2016/05/16 v1.6 Detect VTeX and its facilities (HO)
Package ifvtex Info: VTeX not detected.
)
(/usr/share/texmf-dist/tex/generic/ifxetex/ifxetex.sty
Package: ifxetex 2010/09/12 v0.6 Provides ifxetex conditional
)
\Gm@cnth=\count102
\Gm@cntv=\count103
\c@Gm@tempcnt=\count104
\Gm@bindingoffset=\dimen119
\Gm@wd@mp=\dimen120
\Gm@odd@mp=\dimen121
\Gm@even@mp=\dimen122
\Gm@layoutwidth=\dimen123
\Gm@layoutheight=\dimen124
\Gm@layouthoffset=\dimen125
\Gm@layoutvoffset=\dimen126
\Gm@dimlist=\toks15
)
(/usr/share/texmf-dist/tex/latex/base/size11.clo
File: size11.clo 2014/09/29 v1.4h Standard LaTeX file (size option)
)
(/usr/share/texmf-dist/tex/latex/pgf/basiclayer/pgfcore.sty
(/usr/share/texmf-dist/tex/latex/graphics/graphicx.sty
Package: graphicx 2014/10/28 v1.0g Enhanced LaTeX Graphics (DPC,SPQR)

(/usr/share/texmf-dist/tex/latex/graphics/graphics.sty
Package: graphics 2016/07/10 v1.0t Standard LaTeX Graphics (DPC,SPQR)

(/usr/share/texmf-dist/tex/latex/graphics/trig.sty
Package: trig 2016/01/03 v1.10 sin cos tan (DPC)
)
(/usr/share/texmf-dist/tex/latex/graphics-cfg/graphics.cfg
File: graphics.cfg 2016/06/04 v1.11 sample graphics configuration
)
Package graphics Info: Driver file: pdftex.def on input line 99.

(/usr/share/texmf-dist/tex/latex/graphics-def/pdftex.def
File: pdftex.def 2016/07/10 v0.06j Graphics/color for pdfTeX

(/usr/share/texmf-dist/tex/generic/oberdiek/infwarerr.sty
Package: infwarerr 2016/05/16 v1.4 Providing info/warning/error messages (HO)
)
(/usr/share/texmf-dist/tex/generic/oberdiek/ltxcmds.sty
Package: ltxcmds 2016/05/16 v1.23 LaTeX kernel commands for general use (HO)
)
\Gread@gobject=\count105
))
\Gin@req@height=\dimen127
\Gin@req@width=\dimen128
)
(/usr/share/texmf-dist/tex/latex/pgf/systemlayer/pgfsys.sty
(/usr/share/texmf-dist/tex/latex/pgf/utilities/pgfrcs.sty
(/usr/share/texmf-dist/tex/generic/pgf/utilities/pgfutil-common.tex
\pgfutil@everybye=\toks16
\pgfutil@tempdima=\dimen129
\pgfutil@tempdimb=\dimen130

(/usr/share/texmf-dist/tex/generic/pgf/utilities/pgfutil-common-lists.tex))
(/usr/share/texmf-dist/tex/generic/pgf/utilities/pgfutil-latex.def
\pgfutil@abb=\box34

(/usr/share/texmf-dist/tex/latex/ms/everyshi.sty
Package: everyshi 2001/05/15 v3.00 EveryShipout Package (MS)
))
(/usr/share/texmf-dist/tex/generic/pgf/utilities/pgfrcs.code.tex
Package: pgfrcs 2015/08/07 v3.0.1a (rcs-revision 1.31)
))
(/usr/share/texmf-dist/tex/generic/pgf/systemlayer/pgfsys.code.tex
Package: pgfsys 2014/07/09 v3.0.1a (rcs-revision 1.48)

(/usr/share/texmf-dist/tex/generic/pgf/utilities/pgfkeys.code.tex
\pgfkeys@pathtoks=\toks17
\pgfkeys@temptoks=\toks18

(/usr/share/texmf-dist/tex/generic/pgf/utilities/pgfkeysfiltered.code.tex
\pgfkeys@tmptoks=\toks19
))
\pgf@x=\dimen131
\pgf@y=\dimen132
\pgf@xa=\dimen133
\pgf@ya=\dimen134
\pgf@xb=\dimen135
\pgf@yb=\dimen136
\pgf@xc=\dimen137
\pgf@yc=\dimen138
\w@pgf@writea=\write3
\r@pgf@reada=\read1
\c@pgf@counta=\count106
\c@pgf@countb=\count107
\c@pgf@countc=\count108
\c@pgf@countd=\count109
\t@pgf@toka=\toks20
\t@pgf@tokb=\toks21
\t@pgf@tokc=\toks22

(/usr/share/texmf-dist/tex/generic/pgf/systemlayer/pgf.cfg
File: pgf.cfg 2008/05/14  (rcs-revision 1.7)
)
Driver file for pgf: pgfsys-pdftex.def

(/usr/share/texmf-dist/tex/generic/pgf/systemlayer/pgfsys-pdftex.def
File: pgfsys-pdftex.def 2014/10/11  (rcs-revision 1.35)

(/usr/share/texmf-dist/tex/generic/pgf/systemlayer/pgfsys-common-pdf.def
File: pgfsys-common-pdf.def 2013/10/10  (rcs-revision 1.13)
)))
(/usr/share/texmf-dist/tex/generic/pgf/systemlayer/pgfsyssoftpath.code.tex
File: pgfsyssoftpath.code.tex 2013/09/09  (rcs-revision 1.9)
\pgfsyssoftpath@smallbuffer@items=\count110
\pgfsyssoftpath@bigbuffer@items=\count111
)
(/usr/share/texmf-dist/tex/generic/pgf/systemlayer/pgfsysprotocol.code.tex
File: pgfsysprotocol.code.tex 2006/10/16  (rcs-revision 1.4)
))
(/usr/share/texmf-dist/tex/latex/xcolor/xcolor.sty
Package: xcolor 2016/05/11 v2.12 LaTeX color extensions (UK)

(/usr/share/texmf-dist/tex/latex/graphics-cfg/color.cfg
File: color.cfg 2016/01/02 v1.6 sample color configuration
)
Package xcolor Info: Driver file: pdftex.def on input line 225.
Package xcolor Info: Model `cmy' substituted by `cmy0' on input line 1348.
Package xcolor Info: Model `hsb' substituted by `rgb' on input line 1352.
Package xcolor Info: Model `RGB' extended on input line 1364.
Package xcolor Info: Model `HTML' substituted by `rgb' on input line 1366.
Package xcolor Info: Model `Hsb' substituted by `hsb' on input line 1367.
Package xcolor Info: Model `tHsb' substituted by `hsb' on input line 1368.
Package xcolor Info: Model `HSB' substituted by `hsb' on input line 1369.
Package xcolor Info: Model `Gray' substituted by `gray' on input line 1370.
Package xcolor Info: Model `wave' substituted by `hsb' on input line 1371.
)
(/usr/share/texmf-dist/tex/generic/pgf/basiclayer/pgfcore.code.tex
Package: pgfcore 2010/04/11 v3.0.1a (rcs-revision 1.7)

(/usr/share/texmf-dist/tex/generic/pgf/math/pgfmath.code.tex
(/usr/share/texmf-dist/tex/generic/pgf/math/pgfmathcalc.code.tex
(/usr/share/texmf-dist/tex/generic/pgf/math/pgfmathutil.code.tex)
(/usr/share/texmf-dist/tex/generic/pgf/math/pgfmathparser.code.tex
\pgfmath@dimen=\dimen139
\pgfmath@count=\count112
\pgfmath@box=\box35
\pgfmath@toks=\toks23
\pgfmath@stack@operand=\toks24
\pgfmath@stack@operation=\toks25
)
(/usr/share/texmf-dist/tex/generic/pgf/math/pgfmathfunctions.code.tex
(/usr/share/texmf-dist/tex/generic/pgf/math/pgfmathfunctions.basic.code.tex)
(/usr/share/texmf-dist/tex/generic/pgf/math/pgfmathfunctions.trigonometric.code
.tex)
(/usr/share/texmf-dist/tex/generic/pgf/math/pgfmathfunctions.random.code.tex)
(/usr/share/texmf-dist/tex/generic/pgf/math/pgfmathfunctions.comparison.code.te
x) (/usr/share/texmf-dist/tex/generic/pgf/math/pgfmathfunctions.base.code.tex)
(/usr/share/texmf-dist/tex/generic/pgf/math/pgfmathfunctions.round.code.tex)
(/usr/share/texmf-dist/tex/generic/pgf/math/pgfmathfunctions.misc.code.tex)
(/usr/share/texmf-dist/tex/generic/pgf/math/pgfmathfunctions.integerarithmetics
.code.tex))) (/usr/share/texmf-dist/tex/generic/pgf/math/pgfmathfloat.code.tex
\c@pgfmathroundto@lastzeros=\count113
)) (/usr/share/texmf-dist/tex/generic/pgf/basiclayer/pgfcorepoints.code.tex
File: pgfcorepoints.code.tex 2013/10/07  (rcs-revision 1.27)
\pgf@picminx=\dimen140
\pgf@picmaxx=\dimen141
\pgf@picminy=\dimen142
\pgf@picmaxy=\dimen143
\pgf@pathminx=\dimen144
\pgf@pathmaxx=\dimen145
\pgf@pathminy=\dimen146
\pgf@pathmaxy=\dimen147
\pgf@xx=\dimen148
\pgf@xy=\dimen149
\pgf@yx=\dimen150
\pgf@yy=\dimen151
\pgf@zx=\dimen152
\pgf@zy=\dimen153
)
(/usr/share/texmf-dist/tex/generic/pgf/basiclayer/pgfcorepathconstruct.code.tex
File: pgfcorepathconstruct.code.tex 2013/10/07  (rcs-revision 1.29)
\pgf@path@lastx=\dimen154
\pgf@path@lasty=\dimen155
) (/usr/share/texmf-dist/tex/generic/pgf/basiclayer/pgfcorepathusage.code.tex
File: pgfcorepathusage.code.tex 2014/11/02  (rcs-revision 1.24)
\pgf@shorten@end@additional=\dimen156
\pgf@shorten@start@additional=\dimen157
)
(/usr/share/texmf-dist/tex/generic/pgf/basiclayer/pgfcorescopes.code.tex
File: pgfcorescopes.code.tex 2015/05/08  (rcs-revision 1.46)
\pgfpic=\box36
\pgf@hbox=\box37
\pgf@layerbox@main=\box38
\pgf@picture@serial@count=\count114
)
(/usr/share/texmf-dist/tex/generic/pgf/basiclayer/pgfcoregraphicstate.code.tex
File: pgfcoregraphicstate.code.tex 2014/11/02  (rcs-revision 1.12)
\pgflinewidth=\dimen158
)
(/usr/share/texmf-dist/tex/generic/pgf/basiclayer/pgfcoretransformations.code.t
ex
File: pgfcoretransformations.code.tex 2015/08/07  (rcs-revision 1.20)
\pgf@pt@x=\dimen159
\pgf@pt@y=\dimen160
\pgf@pt@temp=\dimen161
) (/usr/share/texmf-dist/tex/generic/pgf/basiclayer/pgfcorequick.code.tex
File: pgfcorequick.code.tex 2008/10/09  (rcs-revision 1.3)
)
(/usr/share/texmf-dist/tex/generic/pgf/basiclayer/pgfcoreobjects.code.tex
File: pgfcoreobjects.code.tex 2006/10/11  (rcs-revision 1.2)
)
(/usr/share/texmf-dist/tex/generic/pgf/basiclayer/pgfcorepathprocessing.code.te
x
File: pgfcorepathprocessing.code.tex 2013/09/09  (rcs-revision 1.9)
) (/usr/share/texmf-dist/tex/generic/pgf/basiclayer/pgfcorearrows.code.tex
File: pgfcorearrows.code.tex 2015/05/14  (rcs-revision 1.43)
\pgfarrowsep=\dimen162
)
(/usr/share/texmf-dist/tex/generic/pgf/basiclayer/pgfcoreshade.code.tex
File: pgfcoreshade.code.tex 2013/07/15  (rcs-revision 1.15)
\pgf@max=\dimen163
\pgf@sys@shading@range@num=\count115
)
(/usr/share/texmf-dist/tex/generic/pgf/basiclayer/pgfcoreimage.code.tex
File: pgfcoreimage.code.tex 2013/07/15  (rcs-revision 1.18)

(/usr/share/texmf-dist/tex/generic/pgf/basiclayer/pgfcoreexternal.code.tex
File: pgfcoreexternal.code.tex 2014/07/09  (rcs-revision 1.21)
\pgfexternal@startupbox=\box39
))
(/usr/share/texmf-dist/tex/generic/pgf/basiclayer/pgfcorelayers.code.tex
File: pgfcorelayers.code.tex 2013/07/18  (rcs-revision 1.7)
)
(/usr/share/texmf-dist/tex/generic/pgf/basiclayer/pgfcoretransparency.code.tex
File: pgfcoretransparency.code.tex 2013/09/30  (rcs-revision 1.5)
) (/usr/share/texmf-dist/tex/generic/pgf/basiclayer/pgfcorepatterns.code.tex
File: pgfcorepatterns.code.tex 2013/11/07  (rcs-revision 1.5)
)))
(/usr/share/texmf-dist/tex/latex/pgf/utilities/xxcolor.sty
Package: xxcolor 2003/10/24 ver 0.1
\XC@nummixins=\count116
\XC@countmixins=\count117
)
(/usr/share/texmf-dist/tex/generic/oberdiek/atbegshi.sty
Package: atbegshi 2016/06/09 v1.18 At begin shipout hook (HO)
)
(/usr/share/texmf-dist/tex/latex/hyperref/hyperref.sty
Package: hyperref 2016/06/24 v6.83q Hypertext links for LaTeX

(/usr/share/texmf-dist/tex/generic/oberdiek/hobsub-hyperref.sty
Package: hobsub-hyperref 2016/05/16 v1.14 Bundle oberdiek, subset hyperref (HO)


(/usr/share/texmf-dist/tex/generic/oberdiek/hobsub-generic.sty
Package: hobsub-generic 2016/05/16 v1.14 Bundle oberdiek, subset generic (HO)
Package: hobsub 2016/05/16 v1.14 Construct package bundles (HO)
Package hobsub Info: Skipping package `infwarerr' (already loaded).
Package hobsub Info: Skipping package `ltxcmds' (already loaded).
Package: ifluatex 2016/05/16 v1.4 Provides the ifluatex switch (HO)
Package ifluatex Info: LuaTeX not detected.
Package hobsub Info: Skipping package `ifvtex' (already loaded).
Package: intcalc 2016/05/16 v1.2 Expandable calculations with integers (HO)
Package hobsub Info: Skipping package `ifpdf' (already loaded).
Package: etexcmds 2016/05/16 v1.6 Avoid name clashes with e-TeX commands (HO)
Package etexcmds Info: Could not find \expanded.
(etexcmds)             That can mean that you are not using pdfTeX 1.50 or
(etexcmds)             that some package has redefined \expanded.
(etexcmds)             In the latter case, load this package earlier.
Package: kvsetkeys 2016/05/16 v1.17 Key value parser (HO)
Package: kvdefinekeys 2016/05/16 v1.4 Define keys (HO)
Package: pdftexcmds 2016/05/21 v0.22 Utility functions of pdfTeX for LuaTeX (HO
)
Package pdftexcmds Info: LuaTeX not detected.
Package pdftexcmds Info: \pdf@primitive is available.
Package pdftexcmds Info: \pdf@ifprimitive is available.
Package pdftexcmds Info: \pdfdraftmode found.
Package: pdfescape 2016/05/16 v1.14 Implements pdfTeX's escape features (HO)
Package: bigintcalc 2016/05/16 v1.4 Expandable calculations on big integers (HO
)
Package: bitset 2016/05/16 v1.2 Handle bit-vector datatype (HO)
Package: uniquecounter 2016/05/16 v1.3 Provide unlimited unique counter (HO)
)
Package hobsub Info: Skipping package `hobsub' (already loaded).
Package: letltxmacro 2016/05/16 v1.5 Let assignment for LaTeX macros (HO)
Package: hopatch 2016/05/16 v1.3 Wrapper for package hooks (HO)
Package: xcolor-patch 2016/05/16 xcolor patch
Package: atveryend 2016/05/16 v1.9 Hooks at the very end of document (HO)
Package atveryend Info: \enddocument detected (standard20110627).
Package hobsub Info: Skipping package `atbegshi' (already loaded).
Package: refcount 2016/05/16 v3.5 Data extraction from label references (HO)
Package: hycolor 2016/05/16 v1.8 Color options for hyperref/bookmark (HO)
)
(/usr/share/texmf-dist/tex/latex/oberdiek/auxhook.sty
Package: auxhook 2016/05/16 v1.4 Hooks for auxiliary files (HO)
)
(/usr/share/texmf-dist/tex/latex/oberdiek/kvoptions.sty
Package: kvoptions 2016/05/16 v3.12 Key value format for package options (HO)
)
\@linkdim=\dimen164
\Hy@linkcounter=\count118
\Hy@pagecounter=\count119

(/usr/share/texmf-dist/tex/latex/hyperref/pd1enc.def
File: pd1enc.def 2016/06/24 v6.83q Hyperref: PDFDocEncoding definition (HO)
)
\Hy@SavedSpaceFactor=\count120

(/usr/share/texmf-dist/tex/latex/latexconfig/hyperref.cfg
File: hyperref.cfg 2002/06/06 v1.2 hyperref configuration of TeXLive
)
Package hyperref Info: Option `bookmarks' set `true' on input line 4362.
Package hyperref Info: Option `bookmarksopen' set `true' on input line 4362.
Package hyperref Info: Option `implicit' set `false' on input line 4362.
Package hyperref Info: Hyper figures OFF on input line 4486.
Package hyperref Info: Link nesting OFF on input line 4491.
Package hyperref Info: Hyper index ON on input line 4494.
Package hyperref Info: Plain pages OFF on input line 4501.
Package hyperref Info: Backreferencing OFF on input line 4506.
Package hyperref Info: Implicit mode OFF; no redefinition of LaTeX internals.
Package hyperref Info: Bookmarks ON on input line 4735.
\c@Hy@tempcnt=\count121

(/usr/share/texmf-dist/tex/latex/url/url.sty
\Urlmuskip=\muskip10
Package: url 2013/09/16  ver 3.4  Verb mode for urls, etc.
)
LaTeX Info: Redefining \url on input line 5088.
\XeTeXLinkMargin=\dimen165
\Fld@menulength=\count122
\Field@Width=\dimen166
\Fld@charsize=\dimen167
Package hyperref Info: Hyper figures OFF on input line 6342.
Package hyperref Info: Link nesting OFF on input line 6347.
Package hyperref Info: Hyper index ON on input line 6350.
Package hyperref Info: backreferencing OFF on input line 6357.
Package hyperref Info: Link coloring OFF on input line 6362.
Package hyperref Info: Link coloring with OCG OFF on input line 6367.
Package hyperref Info: PDF/A mode OFF on input line 6372.
LaTeX Info: Redefining \ref on input line 6412.
LaTeX Info: Redefining \pageref on input line 6416.
\Hy@abspage=\count123


Package hyperref Message: Stopped early.

)

Package hyperref Message: Driver (autodetected): hpdftex.

(/usr/share/texmf-dist/tex/latex/hyperref/hpdftex.def
File: hpdftex.def 2016/06/24 v6.83q Hyperref driver for pdfTeX
\Fld@listcount=\count124
\c@bookmark@seq@number=\count125

(/usr/share/texmf-dist/tex/latex/oberdiek/rerunfilecheck.sty
Package: rerunfilecheck 2016/05/16 v1.8 Rerun checks for auxiliary files (HO)
Package uniquecounter Info: New unique counter `rerunfilecheck' on input line 2
82.
))
(/usr/share/texmf-dist/tex/latex/beamer/beamerbaserequires.sty
Package: beamerbaserequires 2010/05/01  (rcs-revision efa082c6111d)

(/usr/share/texmf-dist/tex/latex/beamer/beamerbasecompatibility.sty
Package: beamerbasecompatibility 2012/05/01  (rcs-revision 67c48b3b652d)
)
(/usr/share/texmf-dist/tex/latex/beamer/beamerbasefont.sty
Package: beamerbasefont 2015/01/05  (rcs-revision b4b4bee242e2)

(/usr/share/texmf-dist/tex/latex/amsfonts/amssymb.sty
Package: amssymb 2013/01/14 v3.01 AMS font symbols

(/usr/share/texmf-dist/tex/latex/amsfonts/amsfonts.sty
Package: amsfonts 2013/01/14 v3.01 Basic AMSFonts support
\@emptytoks=\toks26
\symAMSa=\mathgroup4
\symAMSb=\mathgroup5
LaTeX Font Info:    Overwriting math alphabet `\mathfrak' in version `bold'
(Font)                  U/euf/m/n --> U/euf/b/n on input line 106.
))
(/usr/share/texmf-dist/tex/latex/sansmathaccent/sansmathaccent.sty
Package: sansmathaccent 2013/03/28

(/usr/share/texmf-dist/tex/latex/filehook/filehook.sty
Package: filehook 2011/10/12 v0.5d Hooks for input files
)))
(/usr/share/texmf-dist/tex/latex/beamer/beamerbasetranslator.sty
Package: beamerbasetranslator 2010/06/11  (rcs-revision 85fd1cc7fc42)

(/usr/share/texmf-dist/tex/latex/beamer/translator/translator.sty
Package: translator 2010/06/12 ver 1.10

(/usr/share/texmf-dist/tex/latex/beamer/translator/translator-language-mappings
.tex))) (/usr/share/texmf-dist/tex/latex/beamer/beamerbasemisc.sty
Package: beamerbasemisc 2013/09/03  (rcs-revision a55719c41d85)
)
(/usr/share/texmf-dist/tex/latex/beamer/beamerbasetwoscreens.sty
Package: beamerbasetwoscreens 2010/05/01  (rcs-revision efa082c6111d)
)
(/usr/share/texmf-dist/tex/latex/beamer/beamerbaseoverlay.sty
Package: beamerbaseoverlay 2013/12/25  (rcs-revision f6bd5e3805da)
\beamer@argscount=\count126
\beamer@lastskipcover=\skip44
\beamer@trivlistdepth=\count127
)
(/usr/share/texmf-dist/tex/latex/beamer/beamerbasetitle.sty
Package: beamerbasetitle 2010/09/21  (rcs-revision f0446ed0b6ae)
)
(/usr/share/texmf-dist/tex/latex/beamer/beamerbasesection.sty
Package: beamerbasesection 2013/06/07  (rcs-revision 60b9fe0f342f)
\c@lecture=\count128
\c@part=\count129
\c@section=\count130
\c@subsection=\count131
\c@subsubsection=\count132
)
(/usr/share/texmf-dist/tex/latex/beamer/beamerbaseframe.sty
Package: beamerbaseframe 2014/02/20  (rcs-revision 4b8ceeeff434)
\beamer@framebox=\box40
\beamer@frametitlebox=\box41
\beamer@zoombox=\box42
\beamer@zoomcount=\count133
\beamer@zoomframecount=\count134
\beamer@frametextheight=\dimen168
\c@subsectionslide=\count135
\beamer@frametopskip=\skip45
\beamer@framebottomskip=\skip46
\beamer@frametopskipautobreak=\skip47
\beamer@framebottomskipautobreak=\skip48
\beamer@envbody=\toks27
\framewidth=\dimen169
\c@framenumber=\count136
)
(/usr/share/texmf-dist/tex/latex/beamer/beamerbaseverbatim.sty
Package: beamerbaseverbatim 2015/01/05  (rcs-revision 431510bb5890)
\beamer@verbatimfileout=\write4
)
(/usr/share/texmf-dist/tex/latex/beamer/beamerbaseframesize.sty
Package: beamerbaseframesize 2011/09/12  (rcs-revision 70f9d8411e54)
\beamer@splitbox=\box43
\beamer@autobreakcount=\count137
\beamer@autobreaklastheight=\dimen170
\beamer@frametitletoks=\toks28
\beamer@framesubtitletoks=\toks29
)
(/usr/share/texmf-dist/tex/latex/beamer/beamerbaseframecomponents.sty
Package: beamerbaseframecomponents 2013/10/18  (rcs-revision 5cf6c5555a45)
\beamer@footins=\box44
)
(/usr/share/texmf-dist/tex/latex/beamer/beamerbasecolor.sty
Package: beamerbasecolor 2015/02/21  (rcs-revision d944b04ee2d5)
)
(/usr/share/texmf-dist/tex/latex/beamer/beamerbasenotes.sty
Package: beamerbasenotes 2012/12/19  (rcs-revision 1686da3db3c9)
\beamer@frameboxcopy=\box45
)
(/usr/share/texmf-dist/tex/latex/beamer/beamerbasetoc.sty
Package: beamerbasetoc 2015/03/08  (rcs-revision 7270298bbaae)
)
(/usr/share/texmf-dist/tex/latex/beamer/beamerbasetemplates.sty
Package: beamerbasetemplates 2010/05/01  (rcs-revision efa082c6111d)
\beamer@sbttoks=\toks30

(/usr/share/texmf-dist/tex/latex/beamer/beamerbaseauxtemplates.sty
Package: beamerbaseauxtemplates 2014/06/30  (rcs-revision 580088513a67)

(/usr/share/texmf-dist/tex/latex/beamer/beamerbaseboxes.sty
Package: beamerbaseboxes 2012/05/13  (rcs-revision 56972908a390)
\bmb@box=\box46
\bmb@colorbox=\box47
\bmb@boxshadow=\box48
\bmb@boxshadowball=\box49
\bmb@boxshadowballlarge=\box50
\bmb@temp=\dimen171
\bmb@dima=\dimen172
\bmb@dimb=\dimen173
\bmb@prevheight=\dimen174
)
\beamer@blockheadheight=\dimen175
))
(/usr/share/texmf-dist/tex/latex/beamer/beamerbaselocalstructure.sty
Package: beamerbaselocalstructure 2014/09/10  (rcs-revision 393f6dcff371)

(/usr/share/texmf-dist/tex/latex/tools/enumerate.sty
Package: enumerate 2015/07/23 v3.00 enumerate extensions (DPC)
\@enLab=\toks31
)
\c@figure=\count138
\c@table=\count139
\abovecaptionskip=\skip49
\belowcaptionskip=\skip50
)
(/usr/share/texmf-dist/tex/latex/beamer/beamerbasenavigation.sty
Package: beamerbasenavigation 2015/02/27  (rcs-revision 923f4bf87efa)
\beamer@section@min@dim=\dimen176
)
(/usr/share/texmf-dist/tex/latex/beamer/beamerbasetheorems.sty
Package: beamerbasetheorems 2010/06/06  (rcs-revision 7e7cc5e53e9d)

(/usr/share/texmf-dist/tex/latex/amsmath/amsmath.sty
Package: amsmath 2016/06/28 v2.15d AMS math features
\@mathmargin=\skip51

For additional information on amsmath, use the `?' option.
(/usr/share/texmf-dist/tex/latex/amsmath/amstext.sty
Package: amstext 2000/06/29 v2.01 AMS text

(/usr/share/texmf-dist/tex/latex/amsmath/amsgen.sty
File: amsgen.sty 1999/11/30 v2.0 generic functions
\@emptytoks=\toks32
\ex@=\dimen177
))
(/usr/share/texmf-dist/tex/latex/amsmath/amsbsy.sty
Package: amsbsy 1999/11/29 v1.2d Bold Symbols
\pmbraise@=\dimen178
)
(/usr/share/texmf-dist/tex/latex/amsmath/amsopn.sty
Package: amsopn 2016/03/08 v2.02 operator names
)
\inf@bad=\count140
LaTeX Info: Redefining \frac on input line 199.
\uproot@=\count141
\leftroot@=\count142
LaTeX Info: Redefining \overline on input line 297.
\classnum@=\count143
\DOTSCASE@=\count144
LaTeX Info: Redefining \ldots on input line 394.
LaTeX Info: Redefining \dots on input line 397.
LaTeX Info: Redefining \cdots on input line 518.
\Mathstrutbox@=\box51
\strutbox@=\box52
\big@size=\dimen179
LaTeX Font Info:    Redeclaring font encoding OML on input line 634.
LaTeX Font Info:    Redeclaring font encoding OMS on input line 635.
\macc@depth=\count145
\c@MaxMatrixCols=\count146
\dotsspace@=\muskip11
\c@parentequation=\count147
\dspbrk@lvl=\count148
\tag@help=\toks33
\row@=\count149
\column@=\count150
\maxfields@=\count151
\andhelp@=\toks34
\eqnshift@=\dimen180
\alignsep@=\dimen181
\tagshift@=\dimen182
\tagwidth@=\dimen183
\totwidth@=\dimen184
\lineht@=\dimen185
\@envbody=\toks35
\multlinegap=\skip52
\multlinetaggap=\skip53
\mathdisplay@stack=\toks36
LaTeX Info: Redefining \[ on input line 2739.
LaTeX Info: Redefining \] on input line 2740.
)
(/usr/share/texmf-dist/tex/latex/amscls/amsthm.sty
Package: amsthm 2015/03/04 v2.20.2
\thm@style=\toks37
\thm@bodyfont=\toks38
\thm@headfont=\toks39
\thm@notefont=\toks40
\thm@headpunct=\toks41
\thm@preskip=\skip54
\thm@postskip=\skip55
\thm@headsep=\skip56
\dth@everypar=\toks42
)
\c@theorem=\count152
)
(/usr/share/texmf-dist/tex/latex/beamer/beamerbasethemes.sty
Package: beamerbasethemes 2010/05/01  (rcs-revision efa082c6111d)
))
(/usr/share/texmf-dist/tex/latex/beamer/themes/theme/beamerthemedefault.sty
Package: beamerthemedefault 2010/06/17  (rcs-revision d02a7cf4d8ae)

(/usr/share/texmf-dist/tex/latex/beamer/themes/font/beamerfontthemedefault.sty
Package: beamerfontthemedefault 2012/12/19  (rcs-revision 1686da3db3c9)
)
(/usr/share/texmf-dist/tex/latex/beamer/themes/color/beamercolorthemedefault.st
y
Package: beamercolorthemedefault 2012/12/19  (rcs-revision 1686da3db3c9)
)
(/usr/share/texmf-dist/tex/latex/beamer/themes/inner/beamerinnerthemedefault.st
y
Package: beamerinnerthemedefault 2014/06/30  (rcs-revision 580088513a67)
\beamer@dima=\dimen186
\beamer@dimb=\dimen187
)
(/usr/share/texmf-dist/tex/latex/beamer/themes/outer/beamerouterthemedefault.st
y
Package: beamerouterthemedefault 2012/12/19  (rcs-revision 1686da3db3c9)
))) (/usr/share/texmf-dist/tex/latex/caption/subcaption.sty
Package: subcaption 2016/05/22 v1.1-161 Sub-captions (AR)

(/usr/share/texmf-dist/tex/latex/caption/caption.sty
Package: caption 2016/02/21 v3.3-144 Customizing captions (AR)

(/usr/share/texmf-dist/tex/latex/caption/caption3.sty
Package: caption3 2016/05/22 v1.7-166 caption3 kernel (AR)
Package caption3 Info: TeX engine: e-TeX on input line 67.
\captionmargin=\dimen188
\captionmargin@=\dimen189
\captionwidth=\dimen190
\caption@tempdima=\dimen191
\caption@indent=\dimen192
\caption@parindent=\dimen193
\caption@hangindent=\dimen194
)
\c@ContinuedFloat=\count153
Package caption Info: beamer document class.
Package caption Info: hyperref package is loaded.
Package caption Info: Hyperref support is turned off
(caption)             because hyperref has stopped early.
)
\c@subfigure=\count154
\c@subtable=\count155
)
(/usr/share/texmf-dist/tex/latex/natbib/natbib.sty
Package: natbib 2010/09/13 8.31b (PWD, AO)
\bibhang=\skip57
\bibsep=\skip58
LaTeX Info: Redefining \cite on input line 694.
\c@NAT@ctr=\count156
)
(/usr/share/texmf-dist/tex/latex/pgf/frontendlayer/tikz.sty
(/usr/share/texmf-dist/tex/latex/pgf/basiclayer/pgf.sty
Package: pgf 2015/08/07 v3.0.1a (rcs-revision 1.15)

(/usr/share/texmf-dist/tex/generic/pgf/modules/pgfmoduleshapes.code.tex
File: pgfmoduleshapes.code.tex 2014/03/21  (rcs-revision 1.35)
\pgfnodeparttextbox=\box53
)
(/usr/share/texmf-dist/tex/generic/pgf/modules/pgfmoduleplot.code.tex
File: pgfmoduleplot.code.tex 2015/08/03  (rcs-revision 1.13)
)
(/usr/share/texmf-dist/tex/latex/pgf/compatibility/pgfcomp-version-0-65.sty
Package: pgfcomp-version-0-65 2007/07/03 v3.0.1a (rcs-revision 1.7)
\pgf@nodesepstart=\dimen195
\pgf@nodesepend=\dimen196
)
(/usr/share/texmf-dist/tex/latex/pgf/compatibility/pgfcomp-version-1-18.sty
Package: pgfcomp-version-1-18 2007/07/23 v3.0.1a (rcs-revision 1.1)
))
(/usr/share/texmf-dist/tex/latex/pgf/utilities/pgffor.sty
(/usr/share/texmf-dist/tex/latex/pgf/utilities/pgfkeys.sty
(/usr/share/texmf-dist/tex/generic/pgf/utilities/pgfkeys.code.tex))
(/usr/share/texmf-dist/tex/latex/pgf/math/pgfmath.sty
(/usr/share/texmf-dist/tex/generic/pgf/math/pgfmath.code.tex))
(/usr/share/texmf-dist/tex/generic/pgf/utilities/pgffor.code.tex
Package: pgffor 2013/12/13 v3.0.1a (rcs-revision 1.25)

(/usr/share/texmf-dist/tex/generic/pgf/math/pgfmath.code.tex)
\pgffor@iter=\dimen197
\pgffor@skip=\dimen198
\pgffor@stack=\toks43
\pgffor@toks=\toks44
))
(/usr/share/texmf-dist/tex/generic/pgf/frontendlayer/tikz/tikz.code.tex
Package: tikz 2015/08/07 v3.0.1a (rcs-revision 1.151)

(/usr/share/texmf-dist/tex/generic/pgf/libraries/pgflibraryplothandlers.code.te
x
File: pgflibraryplothandlers.code.tex 2013/08/31 v3.0.1a (rcs-revision 1.20)
\pgf@plot@mark@count=\count157
\pgfplotmarksize=\dimen199
)
\tikz@lastx=\dimen256
\tikz@lasty=\dimen257
\tikz@lastxsaved=\dimen258
\tikz@lastysaved=\dimen259
\tikzleveldistance=\dimen260
\tikzsiblingdistance=\dimen261
\tikz@figbox=\box54
\tikz@figbox@bg=\box55
\tikz@tempbox=\box56
\tikz@tempbox@bg=\box57
\tikztreelevel=\count158
\tikznumberofchildren=\count159
\tikznumberofcurrentchild=\count160
\tikz@fig@count=\count161
 (/usr/share/texmf-dist/tex/generic/pgf/modules/pgfmodulematrix.code.tex
File: pgfmodulematrix.code.tex 2013/09/17  (rcs-revision 1.8)
\pgfmatrixcurrentrow=\count162
\pgfmatrixcurrentcolumn=\count163
\pgf@matrix@numberofcolumns=\count164
)
\tikz@expandcount=\count165

(/usr/share/texmf-dist/tex/generic/pgf/frontendlayer/tikz/libraries/tikzlibrary
topaths.code.tex
File: tikzlibrarytopaths.code.tex 2008/06/17 v3.0.1a (rcs-revision 1.2)
))) (/usr/share/texmf-dist/tex/latex/pgfplots/pgfplots.sty
(/usr/share/texmf-dist/tex/generic/pgfplots/pgfplots.revision.tex)
Package: pgfplots 2016/08/10 v1.14 Data Visualization (1.14)

(/usr/share/texmf-dist/tex/generic/pgfplots/pgfplots.code.tex
(/usr/share/texmf-dist/tex/generic/pgfplots/pgfplotscore.code.tex
\t@pgfplots@toka=\toks45
\t@pgfplots@tokb=\toks46
\t@pgfplots@tokc=\toks47
\pgfplots@tmpa=\dimen262
\c@pgfplots@coordindex=\count166
\c@pgfplots@scanlineindex=\count167

(/usr/share/texmf-dist/tex/generic/pgfplots/sys/pgfplotssysgeneric.code.tex))
(/usr/share/texmf-dist/tex/generic/pgfplots/libs/pgfplotslibrary.code.tex)
(/usr/share/texmf-dist/tex/generic/pgfplots/oldpgfcompatib/pgfplotsoldpgfsupp_l
oader.code.tex
(/usr/share/texmf-dist/tex/generic/pgf/libraries/pgflibraryfpu.code.tex)
Package pgfplots: loading complementary arithmetics for your pgf version...

(/usr/share/texmf-dist/tex/generic/pgfplots/oldpgfcompatib/pgfplotsoldpgfsupp_p
gflibraryfpu.code.tex)
(/usr/share/texmf-dist/tex/generic/pgfplots/oldpgfcompatib/pgfplotsoldpgfsupp_p
gfmathfloat.code.tex
\c@pgfmathroundto@lastzeros=\count168
))
(/usr/share/texmf-dist/tex/generic/pgfplots/util/pgfplotsutil.code.tex
(/usr/share/texmf-dist/tex/generic/pgfplots/liststructure/pgfplotsliststructure
.code.tex)
(/usr/share/texmf-dist/tex/generic/pgfplots/liststructure/pgfplotsliststructure
ext.code.tex)
(/usr/share/texmf-dist/tex/generic/pgfplots/liststructure/pgfplotsarray.code.te
x
\c@pgfplotsarray@tmp=\count169
)
(/usr/share/texmf-dist/tex/generic/pgfplots/liststructure/pgfplotsmatrix.code.t
ex)
(/usr/share/texmf-dist/tex/generic/pgfplots/numtable/pgfplotstableshared.code.t
ex
\c@pgfplotstable@counta=\count170
\t@pgfplotstable@a=\toks48
)
(/usr/share/texmf-dist/tex/generic/pgfplots/liststructure/pgfplotsdeque.code.te
x) (/usr/share/texmf-dist/tex/generic/pgfplots/util/pgfplotsbinary.code.tex
(/usr/share/texmf-dist/tex/generic/pgfplots/util/pgfplotsbinary.data.code.tex))
(/usr/share/texmf-dist/tex/generic/pgfplots/util/pgfplotsutil.verb.code.tex)
(/usr/share/texmf-dist/tex/generic/pgfplots/libs/pgflibrarypgfplots.surfshading
.code.tex
\c@pgfplotslibrarysurf@no=\count171

(/usr/share/texmf-dist/tex/generic/pgfplots/sys/pgflibrarypgfplots.surfshading.
pgfsys-pdftex.def)))
(/usr/share/texmf-dist/tex/generic/pgfplots/util/pgfplotscolormap.code.tex
(/usr/share/texmf-dist/tex/generic/pgfplots/util/pgfplotscolor.code.tex))
(/usr/share/texmf-dist/tex/generic/pgfplots/pgfplotsstackedplots.code.tex)
(/usr/share/texmf-dist/tex/generic/pgfplots/pgfplotsplothandlers.code.tex
(/usr/share/texmf-dist/tex/generic/pgfplots/pgfplotsmeshplothandler.code.tex
(/usr/share/texmf-dist/tex/generic/pgfplots/pgfplotsmeshplotimage.code.tex)))
(/usr/share/texmf-dist/tex/generic/pgfplots/pgfplots.scaling.code.tex)
(/usr/share/texmf-dist/tex/generic/pgfplots/pgfplotscoordprocessing.code.tex)
(/usr/share/texmf-dist/tex/generic/pgfplots/pgfplots.errorbars.code.tex)
(/usr/share/texmf-dist/tex/generic/pgfplots/pgfplots.markers.code.tex)
(/usr/share/texmf-dist/tex/generic/pgfplots/pgfplotsticks.code.tex)
(/usr/share/texmf-dist/tex/generic/pgfplots/pgfplots.paths.code.tex)
(/usr/share/texmf-dist/tex/generic/pgf/frontendlayer/tikz/libraries/tikzlibrary
decorations.code.tex
(/usr/share/texmf-dist/tex/generic/pgf/modules/pgfmoduledecorations.code.tex
\pgfdecoratedcompleteddistance=\dimen263
\pgfdecoratedremainingdistance=\dimen264
\pgfdecoratedinputsegmentcompleteddistance=\dimen265
\pgfdecoratedinputsegmentremainingdistance=\dimen266
\pgf@decorate@distancetomove=\dimen267
\pgf@decorate@repeatstate=\count172
\pgfdecorationsegmentamplitude=\dimen268
\pgfdecorationsegmentlength=\dimen269
)
\tikz@lib@dec@box=\box58
)
(/usr/share/texmf-dist/tex/generic/pgf/frontendlayer/tikz/libraries/tikzlibrary
decorations.pathmorphing.code.tex
(/usr/share/texmf-dist/tex/generic/pgf/libraries/decorations/pgflibrarydecorati
ons.pathmorphing.code.tex))
(/usr/share/texmf-dist/tex/generic/pgf/frontendlayer/tikz/libraries/tikzlibrary
decorations.pathreplacing.code.tex
(/usr/share/texmf-dist/tex/generic/pgf/libraries/decorations/pgflibrarydecorati
ons.pathreplacing.code.tex))
\pgfplots@numplots=\count173
\pgfplots@xmin@reg=\dimen270
\pgfplots@xmax@reg=\dimen271
\pgfplots@ymin@reg=\dimen272
\pgfplots@ymax@reg=\dimen273
\pgfplots@zmin@reg=\dimen274
\pgfplots@zmax@reg=\dimen275
)
(/usr/share/texmf-dist/tex/generic/pgf/frontendlayer/tikz/libraries/tikzlibrary
plotmarks.code.tex
File: tikzlibraryplotmarks.code.tex 2008/01/09 v3.0.1a (rcs-revision 1.1)

(/usr/share/texmf-dist/tex/generic/pgf/libraries/pgflibraryplotmarks.code.tex
File: pgflibraryplotmarks.code.tex 2015/08/03 v3.0.1a (rcs-revision 1.14)
))) (/usr/share/texmf-dist/tex/latex/units/nicefrac.sty
Package: nicefrac 1998/08/04 v0.9b Nice fractions
\L@UnitsRaiseDisplaystyle=\skip59
\L@UnitsRaiseTextstyle=\skip60
\L@UnitsRaiseScriptstyle=\skip61

(/usr/share/texmf-dist/tex/latex/base/ifthen.sty
Package: ifthen 2014/09/29 v1.1c Standard LaTeX ifthen package (DPC)
))
(/usr/share/texmf-dist/tex/latex/oberdiek/epstopdf.sty
Package: epstopdf 2016/05/15 v2.6 Conversion with epstopdf on the fly (HO)

(/usr/share/texmf-dist/tex/latex/oberdiek/epstopdf-base.sty
Package: epstopdf-base 2016/05/15 v2.6 Base part for package epstopdf

(/usr/share/texmf-dist/tex/latex/oberdiek/grfext.sty
Package: grfext 2016/05/16 v1.2 Manage graphics extensions (HO)
)
Package epstopdf-base Info: Redefining graphics rule for `.eps' on input line 4
38.
Package grfext Info: Graphics extension search list:
(grfext)             [.png,.pdf,.jpg,.mps,.jpeg,.jbig2,.jb2,.PNG,.PDF,.JPG,.JPE
G,.JBIG2,.JB2,.eps]
(grfext)             \AppendGraphicsExtensions on input line 456.

(/usr/share/texmf-dist/tex/latex/latexconfig/epstopdf-sys.cfg
File: epstopdf-sys.cfg 2010/07/13 v1.3 Configuration of (r)epstopdf for TeX Liv
e
)))
(/usr/share/texmf-dist/tex/latex/booktabs/booktabs.sty
Package: booktabs 2016/04/27 v1.618033 publication quality tables
\heavyrulewidth=\dimen276
\lightrulewidth=\dimen277
\cmidrulewidth=\dimen278
\belowrulesep=\dimen279
\belowbottomsep=\dimen280
\aboverulesep=\dimen281
\abovetopsep=\dimen282
\cmidrulesep=\dimen283
\cmidrulekern=\dimen284
\defaultaddspace=\dimen285
\@cmidla=\count174
\@cmidlb=\count175
\@aboverulesep=\dimen286
\@belowrulesep=\dimen287
\@thisruleclass=\count176
\@lastruleclass=\count177
\@thisrulewidth=\dimen288
)
(/usr/share/texmf-dist/tex/latex/beamer/multimedia/multimedia.sty
Package: multimedia 2012/05/02 ver 0.02
\mm@movie=\count178
)

Package hyperref Warning: Token not allowed in a PDF string (PDFDocEncoding):
(hyperref)                removing `\\' on input line 105.

(./pres_quasincompact3d.aux

LaTeX Warning: Label `fig:lock-exch' multiply defined.


LaTeX Warning: Label `fig:lock-exch' multiply defined.

)
\openout1 = `pres_quasincompact3d.aux'.

LaTeX Font Info:    Checking defaults for OML/cmm/m/it on input line 108.
LaTeX Font Info:    ... okay on input line 108.
LaTeX Font Info:    Checking defaults for T1/cmr/m/n on input line 108.
LaTeX Font Info:    ... okay on input line 108.
LaTeX Font Info:    Checking defaults for OT1/cmr/m/n on input line 108.
LaTeX Font Info:    ... okay on input line 108.
LaTeX Font Info:    Checking defaults for OMS/cmsy/m/n on input line 108.
LaTeX Font Info:    ... okay on input line 108.
LaTeX Font Info:    Checking defaults for OMX/cmex/m/n on input line 108.
LaTeX Font Info:    ... okay on input line 108.
LaTeX Font Info:    Checking defaults for U/cmr/m/n on input line 108.
LaTeX Font Info:    ... okay on input line 108.
LaTeX Font Info:    Checking defaults for PD1/pdf/m/n on input line 108.
LaTeX Font Info:    ... okay on input line 108.

*geometry* driver: auto-detecting
*geometry* detected driver: pdftex
*geometry* verbose mode - [ preamble ] result:
* driver: pdftex
* paper: custom
* layout: <same size as paper>
* layoutoffset:(h,v)=(0.0pt,0.0pt)
* modes: includehead includefoot 
* h-part:(L,W,R)=(28.45274pt, 307.28987pt, 28.45274pt)
* v-part:(T,H,B)=(0.0pt, 273.14662pt, 0.0pt)
* \paperwidth=364.19536pt
* \paperheight=273.14662pt
* \textwidth=307.28987pt
* \textheight=244.6939pt
* \oddsidemargin=-43.81725pt
* \evensidemargin=-43.81725pt
* \topmargin=-72.26999pt
* \headheight=14.22636pt
* \headsep=0.0pt
* \topskip=11.0pt
* \footskip=14.22636pt
* \marginparwidth=4.0pt
* \marginparsep=10.0pt
* \columnsep=10.0pt
* \skip\footins=10.0pt plus 4.0pt minus 2.0pt
* \hoffset=0.0pt
* \voffset=0.0pt
* \mag=1000
* \@twocolumnfalse
* \@twosidefalse
* \@mparswitchfalse
* \@reversemarginfalse
* (1in=72.27pt=25.4mm, 1cm=28.453pt)

(/usr/share/texmf-dist/tex/context/base/mkii/supp-pdf.mkii
[Loading MPS to PDF converter (version 2006.09.02).]
\scratchcounter=\count179
\scratchdimen=\dimen289
\scratchbox=\box59
\nofMPsegments=\count180
\nofMParguments=\count181
\everyMPshowfont=\toks49
\MPscratchCnt=\count182
\MPscratchDim=\dimen290
\MPnumerator=\count183
\makeMPintoPDFobject=\count184
\everyMPtoPDFconversion=\toks50
) ABD: EveryShipout initializing macros
\AtBeginShipoutBox=\box60
Package hyperref Info: Link coloring OFF on input line 108.

(/usr/share/texmf-dist/tex/latex/hyperref/nameref.sty
Package: nameref 2016/05/21 v2.44 Cross-referencing by name of section

(/usr/share/texmf-dist/tex/generic/oberdiek/gettitlestring.sty
Package: gettitlestring 2016/05/16 v1.5 Cleanup title references (HO)
)
\c@section@level=\count185
)
LaTeX Info: Redefining \ref on input line 108.
LaTeX Info: Redefining \pageref on input line 108.
LaTeX Info: Redefining \nameref on input line 108.

(./pres_quasincompact3d.out) (./pres_quasincompact3d.out)
\@outlinefile=\write5
\openout5 = `pres_quasincompact3d.out'.

LaTeX Font Info:    Overwriting symbol font `operators' in version `normal'
(Font)                  OT1/cmr/m/n --> OT1/cmss/m/n on input line 108.
LaTeX Font Info:    Overwriting symbol font `operators' in version `bold'
(Font)                  OT1/cmr/bx/n --> OT1/cmss/bx/n on input line 108.
\symnumbers=\mathgroup6
\sympureletters=\mathgroup7
LaTeX Font Info:    Overwriting math alphabet `\mathrm' in version `normal'
(Font)                  OT1/cmss/m/n --> OT1/cmr/m/n on input line 108.
LaTeX Font Info:    Redeclaring math alphabet \mathbf on input line 108.
LaTeX Font Info:    Overwriting math alphabet `\mathbf' in version `normal'
(Font)                  OT1/cmr/bx/n --> OT1/cmss/bx/n on input line 108.
LaTeX Font Info:    Overwriting math alphabet `\mathbf' in version `bold'
(Font)                  OT1/cmr/bx/n --> OT1/cmss/bx/n on input line 108.
LaTeX Font Info:    Redeclaring math alphabet \mathsf on input line 108.
LaTeX Font Info:    Overwriting math alphabet `\mathsf' in version `normal'
(Font)                  OT1/cmss/m/n --> OT1/cmss/m/n on input line 108.
LaTeX Font Info:    Overwriting math alphabet `\mathsf' in version `bold'
(Font)                  OT1/cmss/bx/n --> OT1/cmss/m/n on input line 108.
LaTeX Font Info:    Redeclaring math alphabet \mathit on input line 108.
LaTeX Font Info:    Overwriting math alphabet `\mathit' in version `normal'
(Font)                  OT1/cmr/m/it --> OT1/cmss/m/it on input line 108.
LaTeX Font Info:    Overwriting math alphabet `\mathit' in version `bold'
(Font)                  OT1/cmr/bx/it --> OT1/cmss/m/it on input line 108.
LaTeX Font Info:    Redeclaring math alphabet \mathtt on input line 108.
LaTeX Font Info:    Overwriting math alphabet `\mathtt' in version `normal'
(Font)                  OT1/cmtt/m/n --> OT1/cmtt/m/n on input line 108.
LaTeX Font Info:    Overwriting math alphabet `\mathtt' in version `bold'
(Font)                  OT1/cmtt/m/n --> OT1/cmtt/m/n on input line 108.
LaTeX Font Info:    Overwriting symbol font `numbers' in version `bold'
(Font)                  OT1/cmss/m/n --> OT1/cmss/bx/n on input line 108.
LaTeX Font Info:    Overwriting symbol font `pureletters' in version `bold'
(Font)                  OT1/cmss/m/it --> OT1/cmss/bx/it on input line 108.
LaTeX Font Info:    Overwriting math alphabet `\mathrm' in version `bold'
(Font)                  OT1/cmss/bx/n --> OT1/cmr/bx/n on input line 108.
LaTeX Font Info:    Overwriting math alphabet `\mathbf' in version `bold'
(Font)                  OT1/cmss/bx/n --> OT1/cmss/bx/n on input line 108.
LaTeX Font Info:    Overwriting math alphabet `\mathsf' in version `bold'
(Font)                  OT1/cmss/m/n --> OT1/cmss/bx/n on input line 108.
LaTeX Font Info:    Overwriting math alphabet `\mathit' in version `bold'
(Font)                  OT1/cmss/m/it --> OT1/cmss/bx/it on input line 108.
LaTeX Font Info:    Overwriting math alphabet `\mathtt' in version `bold'
(Font)                  OT1/cmtt/m/n --> OT1/cmtt/bx/n on input line 108.
LaTeX Font Info:    Redeclaring symbol font `pureletters' on input line 108.
LaTeX Font Info:    Overwriting symbol font `pureletters' in version `normal'
(Font)                  OT1/cmss/m/it --> OT1/mathkerncmss/m/sl on input line 1
08.
LaTeX Font Info:    Overwriting symbol font `pureletters' in version `bold'
(Font)                  OT1/cmss/bx/it --> OT1/mathkerncmss/m/sl on input line 
108.
LaTeX Font Info:    Overwriting symbol font `pureletters' in version `bold'
(Font)                  OT1/mathkerncmss/m/sl --> OT1/mathkerncmss/bx/sl on inp
ut line 108.

(/usr/share/texmf-dist/tex/latex/beamer/translator/dicts/translator-basic-dicti
onary/translator-basic-dictionary-English.dict
Dictionary: translator-basic-dictionary, Language: English 
)
(/usr/share/texmf-dist/tex/latex/beamer/translator/dicts/translator-bibliograph
y-dictionary/translator-bibliography-dictionary-English.dict
Dictionary: translator-bibliography-dictionary, Language: English 
)
(/usr/share/texmf-dist/tex/latex/beamer/translator/dicts/translator-environment
-dictionary/translator-environment-dictionary-English.dict
Dictionary: translator-environment-dictionary, Language: English 
)
(/usr/share/texmf-dist/tex/latex/beamer/translator/dicts/translator-months-dict
ionary/translator-months-dictionary-English.dict
Dictionary: translator-months-dictionary, Language: English 
)
(/usr/share/texmf-dist/tex/latex/beamer/translator/dicts/translator-numbers-dic
tionary/translator-numbers-dictionary-English.dict
Dictionary: translator-numbers-dictionary, Language: English 
)
(/usr/share/texmf-dist/tex/latex/beamer/translator/dicts/translator-theorem-dic
tionary/translator-theorem-dictionary-English.dict
Dictionary: translator-theorem-dictionary, Language: English 
)
LaTeX Info: Redefining \includegraphics on input line 108.
Package caption Info: Begin \AtBeginDocument code.
Package caption Info: End \AtBeginDocument code.


Package pgfplots Warning: running in backwards compatibility mode (unsuitable t
ick labels; missing features). Consider writing \pgfplotsset{compat=1.14} into 
your preamble.
 on input line 108.

(./pres_quasincompact3d.nav) [1

{/usr/share/texmf-dist/fonts/map/pdftex/updmap/pdftex.map}]
LaTeX Font Info:    Try loading font information for OMS+cmss on input line 144
.
LaTeX Font Info:    No file OMScmss.fd. on input line 144.


LaTeX Font Warning: Font shape `OMS/cmss/m/n' undefined
(Font)              using `OMS/cmsy/m/n' instead
(Font)              for symbol `textbullet' on input line 144.


LaTeX Font Warning: Font shape `OT1/cmss/m/n' in size <4> not available
(Font)              size <5> substituted on input line 144.

[2

] <./figures/gravity-driven_particles.jpg, id=31, 1927.2pt x 1084.05pt>
File: ./figures/gravity-driven_particles.jpg Graphic file (type jpg)

<use ./figures/gravity-driven_particles.jpg>
Package pdftex.def Info: ./figures/gravity-driven_particles.jpg used on input l
ine 161.
(pdftex.def)             Requested size: 207.4216pt x 116.66544pt.
LaTeX Font Info:    Try loading font information for U+msa on input line 161.

(/usr/share/texmf-dist/tex/latex/amsfonts/umsa.fd
File: umsa.fd 2013/01/14 v3.01 AMS symbols A
)
LaTeX Font Info:    Try loading font information for U+msb on input line 161.

(/usr/share/texmf-dist/tex/latex/amsfonts/umsb.fd
File: umsb.fd 2013/01/14 v3.01 AMS symbols B
)
LaTeX Font Info:    Try loading font information for OT1+mathkerncmss on input 
line 161.

(/usr/share/texmf-dist/tex/latex/sansmathaccent/ot1mathkerncmss.fd
File: ot1mathkerncmss.fd 2013/03/27 Fontinst v1.933 font definitions for OT1/ma
thkerncmss.
) [3

 <./figures/gravity-driven_particles.jpg>] [4

] [5

] [6

]

Package natbib Warning: Citation `Chorin1997' on page 7 undefined on input line
 276.

[7

] [8

]
Overfull \hbox (12.69022pt too wide) in paragraph at lines 336--336
[]  
 []

[9

] [10

]

Package natbib Warning: Citation `Nicoud2000' on page 11 undefined on input lin
e 388.

[11

]
Package epstopdf Info: Source file: <./figures/strong-scaling.eps>
(epstopdf)                    date: 2018-08-16 13:20:55
(epstopdf)                    size: 215939 bytes
(epstopdf)             Output file: <./figures/strong-scaling-eps-converted-to.
pdf>
(epstopdf)                    date: 2018-08-16 13:20:55
(epstopdf)                    size: 15513 bytes
(epstopdf)             Command: <repstopdf --outfile=./figures/strong-scaling-e
ps-converted-to.pdf ./figures/strong-scaling.eps>
(epstopdf)             \includegraphics on input line 425.
Package epstopdf Info: Output file is already uptodate.

<./figures/strong-scaling-eps-converted-to.pdf, id=98, 345.29pt x 265.99374pt>
File: ./figures/strong-scaling-eps-converted-to.pdf Graphic file (type pdf)

<use ./figures/strong-scaling-eps-converted-to.pdf>
Package pdftex.def Info: ./figures/strong-scaling-eps-converted-to.pdf used on 
input line 425.
(pdftex.def)             Requested size: 150.57372pt x 115.9945pt.
Package epstopdf Info: Source file: <./figures/weak-scaling.eps>
(epstopdf)                    date: 2018-08-16 13:20:55
(epstopdf)                    size: 205935 bytes
(epstopdf)             Output file: <./figures/weak-scaling-eps-converted-to.pd
f>
(epstopdf)                    date: 2018-08-16 13:20:55
(epstopdf)                    size: 12544 bytes
(epstopdf)             Command: <repstopdf --outfile=./figures/weak-scaling-eps
-converted-to.pdf ./figures/weak-scaling.eps>
(epstopdf)             \includegraphics on input line 425.
Package epstopdf Info: Output file is already uptodate.

<./figures/weak-scaling-eps-converted-to.pdf, id=99, 338.26375pt x 265.99374pt>
File: ./figures/weak-scaling-eps-converted-to.pdf Graphic file (type pdf)
<use ./figures/weak-scaling-eps-converted-to.pdf>
Package pdftex.def Info: ./figures/weak-scaling-eps-converted-to.pdf used on in
put line 425.
(pdftex.def)             Requested size: 150.57372pt x 118.4054pt.
 [12

 <./figures/strong-scaling-eps-converted-to.pdf> <./figures/weak-scaling-eps-co
nverted-to.pdf>]
Overfull \hbox (21.90005pt too wide) detected at line 457
[]
 []

(./figures/nonisotherm_initcond.tex
PGFPlots: reading {figures/atanhx.csv}
) [13

]
Package epstopdf Info: Source file: <figures/constcoeff-vortz-024.eps>
(epstopdf)                    date: 2018-08-16 13:20:55
(epstopdf)                    size: 75297 bytes
(epstopdf)             Output file: <figures/constcoeff-vortz-024-eps-converted
-to.pdf>
(epstopdf)                    date: 2018-08-16 13:20:55
(epstopdf)                    size: 20377 bytes
(epstopdf)             Command: <repstopdf --outfile=figures/constcoeff-vortz-0
24-eps-converted-to.pdf figures/constcoeff-vortz-024.eps>
(epstopdf)             \includegraphics on input line 473.
Package epstopdf Info: Output file is already uptodate.

<figures/constcoeff-vortz-024-eps-converted-to.pdf, id=145, 361.35pt x 361.35pt
>
File: figures/constcoeff-vortz-024-eps-converted-to.pdf Graphic file (type pdf)

 <use figures/constcoeff-vortz-024-eps-converted-to.pdf>
Package pdftex.def Info: figures/constcoeff-vortz-024-eps-converted-to.pdf used
 on input line 473.
(pdftex.def)             Requested size: 69.14209pt x 69.14241pt.
Package epstopdf Info: Source file: <figures/varcoeff-rho0-vortz-024.eps>
(epstopdf)                    date: 2018-08-16 13:20:55
(epstopdf)                    size: 75286 bytes
(epstopdf)             Output file: <figures/varcoeff-rho0-vortz-024-eps-conver
ted-to.pdf>
(epstopdf)                    date: 2018-08-16 13:20:55
(epstopdf)                    size: 20331 bytes
(epstopdf)             Command: <repstopdf --outfile=figures/varcoeff-rho0-vort
z-024-eps-converted-to.pdf figures/varcoeff-rho0-vortz-024.eps>
(epstopdf)             \includegraphics on input line 473.
Package epstopdf Info: Output file is already uptodate.

<figures/varcoeff-rho0-vortz-024-eps-converted-to.pdf, id=146, 361.35pt x 361.3
5pt>
File: figures/varcoeff-rho0-vortz-024-eps-converted-to.pdf Graphic file (type p
df)
 <use figures/varcoeff-rho0-vortz-024-eps-converted-to.pdf>
Package pdftex.def Info: figures/varcoeff-rho0-vortz-024-eps-converted-to.pdf u
sed on input line 473.
(pdftex.def)             Requested size: 69.14209pt x 69.14241pt.
Package epstopdf Info: Source file: <figures/varcoeff-rhoh-vortz-024.eps>
(epstopdf)                    date: 2018-08-16 13:20:55
(epstopdf)                    size: 75286 bytes
(epstopdf)             Output file: <figures/varcoeff-rhoh-vortz-024-eps-conver
ted-to.pdf>
(epstopdf)                    date: 2018-08-16 13:20:55
(epstopdf)                    size: 20331 bytes
(epstopdf)             Command: <repstopdf --outfile=figures/varcoeff-rhoh-vort
z-024-eps-converted-to.pdf figures/varcoeff-rhoh-vortz-024.eps>
(epstopdf)             \includegraphics on input line 473.
Package epstopdf Info: Output file is already uptodate.

<figures/varcoeff-rhoh-vortz-024-eps-converted-to.pdf, id=147, 361.35pt x 361.3
5pt>
File: figures/varcoeff-rhoh-vortz-024-eps-converted-to.pdf Graphic file (type p
df)
 <use figures/varcoeff-rhoh-vortz-024-eps-converted-to.pdf>
Package pdftex.def Info: figures/varcoeff-rhoh-vortz-024-eps-converted-to.pdf u
sed on input line 473.
(pdftex.def)             Requested size: 69.14209pt x 69.14241pt.

<figures/golanski2005-t24.png, id=148, 657.2053pt x 563.85657pt>
File: figures/golanski2005-t24.png Graphic file (type png)

<use figures/golanski2005-t24.png>
Package pdftex.def Info: figures/golanski2005-t24.png used on input line 473.
(pdftex.def)             Requested size: 69.14209pt x 59.31422pt.
Package epstopdf Info: Source file: <figures/constcoeff-vortz-082.eps>
(epstopdf)                    date: 2018-08-16 13:20:55
(epstopdf)                    size: 63531 bytes
(epstopdf)             Output file: <figures/constcoeff-vortz-082-eps-converted
-to.pdf>
(epstopdf)                    date: 2018-08-16 13:20:55
(epstopdf)                    size: 18218 bytes
(epstopdf)             Command: <repstopdf --outfile=figures/constcoeff-vortz-0
82-eps-converted-to.pdf figures/constcoeff-vortz-082.eps>
(epstopdf)             \includegraphics on input line 473.
Package epstopdf Info: Output file is already uptodate.

<figures/constcoeff-vortz-082-eps-converted-to.pdf, id=149, 361.35pt x 361.35pt
>
File: figures/constcoeff-vortz-082-eps-converted-to.pdf Graphic file (type pdf)

 <use figures/constcoeff-vortz-082-eps-converted-to.pdf>
Package pdftex.def Info: figures/constcoeff-vortz-082-eps-converted-to.pdf used
 on input line 473.
(pdftex.def)             Requested size: 69.14209pt x 69.14241pt.
Package epstopdf Info: Source file: <figures/varcoeff-rho0-vortz-082.eps>
(epstopdf)                    date: 2018-08-16 13:20:55
(epstopdf)                    size: 63522 bytes
(epstopdf)             Output file: <figures/varcoeff-rho0-vortz-082-eps-conver
ted-to.pdf>
(epstopdf)                    date: 2018-08-16 13:20:55
(epstopdf)                    size: 18192 bytes
(epstopdf)             Command: <repstopdf --outfile=figures/varcoeff-rho0-vort
z-082-eps-converted-to.pdf figures/varcoeff-rho0-vortz-082.eps>
(epstopdf)             \includegraphics on input line 473.
Package epstopdf Info: Output file is already uptodate.

<figures/varcoeff-rho0-vortz-082-eps-converted-to.pdf, id=150, 361.35pt x 361.3
5pt>
File: figures/varcoeff-rho0-vortz-082-eps-converted-to.pdf Graphic file (type p
df)
 <use figures/varcoeff-rho0-vortz-082-eps-converted-to.pdf>
Package pdftex.def Info: figures/varcoeff-rho0-vortz-082-eps-converted-to.pdf u
sed on input line 473.
(pdftex.def)             Requested size: 69.14209pt x 69.14241pt.
Package epstopdf Info: Source file: <figures/varcoeff-rhoh-vortz-082.eps>
(epstopdf)                    date: 2018-08-16 13:20:55
(epstopdf)                    size: 63522 bytes
(epstopdf)             Output file: <figures/varcoeff-rhoh-vortz-082-eps-conver
ted-to.pdf>
(epstopdf)                    date: 2018-08-16 13:20:55
(epstopdf)                    size: 18192 bytes
(epstopdf)             Command: <repstopdf --outfile=figures/varcoeff-rhoh-vort
z-082-eps-converted-to.pdf figures/varcoeff-rhoh-vortz-082.eps>
(epstopdf)             \includegraphics on input line 473.
Package epstopdf Info: Output file is already uptodate.

<figures/varcoeff-rhoh-vortz-082-eps-converted-to.pdf, id=151, 361.35pt x 361.3
5pt>
File: figures/varcoeff-rhoh-vortz-082-eps-converted-to.pdf Graphic file (type p
df)
 <use figures/varcoeff-rhoh-vortz-082-eps-converted-to.pdf>
Package pdftex.def Info: figures/varcoeff-rhoh-vortz-082-eps-converted-to.pdf u
sed on input line 473.
(pdftex.def)             Requested size: 69.14209pt x 69.14241pt.

<figures/golanski2005-t82.png, id=152, 661.72218pt x 563.85657pt>
File: figures/golanski2005-t82.png Graphic file (type png)

<use figures/golanski2005-t82.png>
Package pdftex.def Info: figures/golanski2005-t82.png used on input line 473.
(pdftex.def)             Requested size: 69.14209pt x 58.90985pt.
Package epstopdf Info: Source file: <figures/constcoeff-vortz-182.eps>
(epstopdf)                    date: 2018-08-16 13:20:55
(epstopdf)                    size: 20322 bytes
(epstopdf)             Output file: <figures/constcoeff-vortz-182-eps-converted
-to.pdf>
(epstopdf)                    date: 2018-08-16 13:20:55
(epstopdf)                    size: 7945 bytes
(epstopdf)             Command: <repstopdf --outfile=figures/constcoeff-vortz-1
82-eps-converted-to.pdf figures/constcoeff-vortz-182.eps>
(epstopdf)             \includegraphics on input line 473.
Package epstopdf Info: Output file is already uptodate.

<figures/constcoeff-vortz-182-eps-converted-to.pdf, id=153, 361.35pt x 361.35pt
>
File: figures/constcoeff-vortz-182-eps-converted-to.pdf Graphic file (type pdf)

 <use figures/constcoeff-vortz-182-eps-converted-to.pdf>
Package pdftex.def Info: figures/constcoeff-vortz-182-eps-converted-to.pdf used
 on input line 473.
(pdftex.def)             Requested size: 69.14209pt x 69.14241pt.
Package epstopdf Info: Source file: <figures/varcoeff-rho0-vortz-182.eps>
(epstopdf)                    date: 2018-08-16 13:20:55
(epstopdf)                    size: 20417 bytes
(epstopdf)             Output file: <figures/varcoeff-rho0-vortz-182-eps-conver
ted-to.pdf>
(epstopdf)                    date: 2018-08-16 13:20:55
(epstopdf)                    size: 7923 bytes
(epstopdf)             Command: <repstopdf --outfile=figures/varcoeff-rho0-vort
z-182-eps-converted-to.pdf figures/varcoeff-rho0-vortz-182.eps>
(epstopdf)             \includegraphics on input line 473.
Package epstopdf Info: Output file is already uptodate.

<figures/varcoeff-rho0-vortz-182-eps-converted-to.pdf, id=154, 361.35pt x 361.3
5pt>
File: figures/varcoeff-rho0-vortz-182-eps-converted-to.pdf Graphic file (type p
df)
 <use figures/varcoeff-rho0-vortz-182-eps-converted-to.pdf>
Package pdftex.def Info: figures/varcoeff-rho0-vortz-182-eps-converted-to.pdf u
sed on input line 473.
(pdftex.def)             Requested size: 69.14209pt x 69.14241pt.
Package epstopdf Info: Source file: <figures/varcoeff-rhoh-vortz-182.eps>
(epstopdf)                    date: 2018-08-16 13:20:55
(epstopdf)                    size: 20417 bytes
(epstopdf)             Output file: <figures/varcoeff-rhoh-vortz-182-eps-conver
ted-to.pdf>
(epstopdf)                    date: 2018-08-16 13:20:55
(epstopdf)                    size: 7923 bytes
(epstopdf)             Command: <repstopdf --outfile=figures/varcoeff-rhoh-vort
z-182-eps-converted-to.pdf figures/varcoeff-rhoh-vortz-182.eps>
(epstopdf)             \includegraphics on input line 473.
Package epstopdf Info: Output file is already uptodate.

<figures/varcoeff-rhoh-vortz-182-eps-converted-to.pdf, id=155, 361.35pt x 361.3
5pt>
File: figures/varcoeff-rhoh-vortz-182-eps-converted-to.pdf Graphic file (type p
df)
 <use figures/varcoeff-rhoh-vortz-182-eps-converted-to.pdf>
Package pdftex.def Info: figures/varcoeff-rhoh-vortz-182-eps-converted-to.pdf u
sed on input line 473.
(pdftex.def)             Requested size: 69.14209pt x 69.14241pt.

<figures/golanski2005-t182.png, id=156, 659.46375pt x 574.39594pt>
File: figures/golanski2005-t182.png Graphic file (type png)

<use figures/golanski2005-t182.png>
Package pdftex.def Info: figures/golanski2005-t182.png used on input line 473.
(pdftex.def)             Requested size: 69.14209pt x 60.22131pt.

Overfull \hbox (17.27849pt too wide) in paragraph at lines 473--473
[][]  
 []


Overfull \vbox (12.23964pt too high) detected at line 473
 []

[14

 <./figures/constcoeff-vortz-024-eps-converted-to.pdf> <./figures/varcoeff-rho0
-vortz-024-eps-converted-to.pdf> <./figures/varcoeff-rhoh-vortz-024-eps-convert
ed-to.pdf> <./figures/golanski2005-t24.png> <./figures/constcoeff-vortz-082-eps
-converted-to.pdf> <./figures/varcoeff-rho0-vortz-082-eps-converted-to.pdf> <./
figures/varcoeff-rhoh-vortz-082-eps-converted-to.pdf> <./figures/golanski2005-t
82.png> <./figures/constcoeff-vortz-182-eps-converted-to.pdf> <./figures/varcoe
ff-rho0-vortz-182-eps-converted-to.pdf> <./figures/varcoeff-rhoh-vortz-182-eps-
converted-to.pdf> <./figures/golanski2005-t182.png>]
Package epstopdf Info: Source file: <figures/constcoeff-rho-024.eps>
(epstopdf)                    date: 2018-08-16 13:20:55
(epstopdf)                    size: 40139 bytes
(epstopdf)             Output file: <figures/constcoeff-rho-024-eps-converted-t
o.pdf>
(epstopdf)                    date: 2018-08-16 13:20:55
(epstopdf)                    size: 12752 bytes
(epstopdf)             Command: <repstopdf --outfile=figures/constcoeff-rho-024
-eps-converted-to.pdf figures/constcoeff-rho-024.eps>
(epstopdf)             \includegraphics on input line 488.
Package epstopdf Info: Output file is already uptodate.

<figures/constcoeff-rho-024-eps-converted-to.pdf, id=181, 361.35pt x 361.35pt>
File: figures/constcoeff-rho-024-eps-converted-to.pdf Graphic file (type pdf)

<use figures/constcoeff-rho-024-eps-converted-to.pdf>
Package pdftex.def Info: figures/constcoeff-rho-024-eps-converted-to.pdf used o
n input line 488.
(pdftex.def)             Requested size: 61.45703pt x 61.45625pt.
Package epstopdf Info: Source file: <figures/varcoeff-rho0-rho-024.eps>
(epstopdf)                    date: 2018-08-16 13:20:55
(epstopdf)                    size: 40010 bytes
(epstopdf)             Output file: <figures/varcoeff-rho0-rho-024-eps-converte
d-to.pdf>
(epstopdf)                    date: 2018-08-16 13:20:55
(epstopdf)                    size: 12767 bytes
(epstopdf)             Command: <repstopdf --outfile=figures/varcoeff-rho0-rho-
024-eps-converted-to.pdf figures/varcoeff-rho0-rho-024.eps>
(epstopdf)             \includegraphics on input line 488.
Package epstopdf Info: Output file is already uptodate.

<figures/varcoeff-rho0-rho-024-eps-converted-to.pdf, id=182, 361.35pt x 361.35p
t>
File: figures/varcoeff-rho0-rho-024-eps-converted-to.pdf Graphic file (type pdf
)
 <use figures/varcoeff-rho0-rho-024-eps-converted-to.pdf>
Package pdftex.def Info: figures/varcoeff-rho0-rho-024-eps-converted-to.pdf use
d on input line 488.
(pdftex.def)             Requested size: 61.45703pt x 61.45625pt.
Package epstopdf Info: Source file: <figures/varcoeff-rhoh-rho-024.eps>
(epstopdf)                    date: 2018-08-16 13:20:55
(epstopdf)                    size: 40010 bytes
(epstopdf)             Output file: <figures/varcoeff-rhoh-rho-024-eps-converte
d-to.pdf>
(epstopdf)                    date: 2018-08-16 13:20:55
(epstopdf)                    size: 12767 bytes
(epstopdf)             Command: <repstopdf --outfile=figures/varcoeff-rhoh-rho-
024-eps-converted-to.pdf figures/varcoeff-rhoh-rho-024.eps>
(epstopdf)             \includegraphics on input line 488.
Package epstopdf Info: Output file is already uptodate.

<figures/varcoeff-rhoh-rho-024-eps-converted-to.pdf, id=183, 361.35pt x 361.35p
t>
File: figures/varcoeff-rhoh-rho-024-eps-converted-to.pdf Graphic file (type pdf
)
 <use figures/varcoeff-rhoh-rho-024-eps-converted-to.pdf>
Package pdftex.def Info: figures/varcoeff-rhoh-rho-024-eps-converted-to.pdf use
d on input line 488.
(pdftex.def)             Requested size: 61.45703pt x 61.45625pt.

<figures/golanski2005-rho-t24.png, id=184, 706.13812pt x 608.2725pt>
File: figures/golanski2005-rho-t24.png Graphic file (type png)

<use figures/golanski2005-rho-t24.png>
Package pdftex.def Info: figures/golanski2005-rho-t24.png used on input line 48
8.
(pdftex.def)             Requested size: 61.45703pt x 52.93227pt.
Package epstopdf Info: Source file: <figures/constcoeff-rho-082.eps>
(epstopdf)                    date: 2018-08-16 13:20:55
(epstopdf)                    size: 46621 bytes
(epstopdf)             Output file: <figures/constcoeff-rho-082-eps-converted-t
o.pdf>
(epstopdf)                    date: 2018-08-16 13:20:55
(epstopdf)                    size: 14729 bytes
(epstopdf)             Command: <repstopdf --outfile=figures/constcoeff-rho-082
-eps-converted-to.pdf figures/constcoeff-rho-082.eps>
(epstopdf)             \includegraphics on input line 488.
Package epstopdf Info: Output file is already uptodate.

<figures/constcoeff-rho-082-eps-converted-to.pdf, id=185, 361.35pt x 361.35pt>
File: figures/constcoeff-rho-082-eps-converted-to.pdf Graphic file (type pdf)

<use figures/constcoeff-rho-082-eps-converted-to.pdf>
Package pdftex.def Info: figures/constcoeff-rho-082-eps-converted-to.pdf used o
n input line 488.
(pdftex.def)             Requested size: 61.45703pt x 61.45625pt.
Package epstopdf Info: Source file: <figures/varcoeff-rho0-rho-082.eps>
(epstopdf)                    date: 2018-08-16 13:20:55
(epstopdf)                    size: 46856 bytes
(epstopdf)             Output file: <figures/varcoeff-rho0-rho-082-eps-converte
d-to.pdf>
(epstopdf)                    date: 2018-08-16 13:20:55
(epstopdf)                    size: 14758 bytes
(epstopdf)             Command: <repstopdf --outfile=figures/varcoeff-rho0-rho-
082-eps-converted-to.pdf figures/varcoeff-rho0-rho-082.eps>
(epstopdf)             \includegraphics on input line 488.
Package epstopdf Info: Output file is already uptodate.

<figures/varcoeff-rho0-rho-082-eps-converted-to.pdf, id=186, 361.35pt x 361.35p
t>
File: figures/varcoeff-rho0-rho-082-eps-converted-to.pdf Graphic file (type pdf
)
 <use figures/varcoeff-rho0-rho-082-eps-converted-to.pdf>
Package pdftex.def Info: figures/varcoeff-rho0-rho-082-eps-converted-to.pdf use
d on input line 488.
(pdftex.def)             Requested size: 61.45703pt x 61.45625pt.
Package epstopdf Info: Source file: <figures/varcoeff-rhoh-rho-082.eps>
(epstopdf)                    date: 2018-08-16 13:20:55
(epstopdf)                    size: 46856 bytes
(epstopdf)             Output file: <figures/varcoeff-rhoh-rho-082-eps-converte
d-to.pdf>
(epstopdf)                    date: 2018-08-16 13:20:55
(epstopdf)                    size: 14758 bytes
(epstopdf)             Command: <repstopdf --outfile=figures/varcoeff-rhoh-rho-
082-eps-converted-to.pdf figures/varcoeff-rhoh-rho-082.eps>
(epstopdf)             \includegraphics on input line 488.
Package epstopdf Info: Output file is already uptodate.

<figures/varcoeff-rhoh-rho-082-eps-converted-to.pdf, id=187, 361.35pt x 361.35p
t>
File: figures/varcoeff-rhoh-rho-082-eps-converted-to.pdf Graphic file (type pdf
)
 <use figures/varcoeff-rhoh-rho-082-eps-converted-to.pdf>
Package pdftex.def Info: figures/varcoeff-rhoh-rho-082-eps-converted-to.pdf use
d on input line 488.
(pdftex.def)             Requested size: 61.45703pt x 61.45625pt.

<figures/golanski2005-rho-t82.png, id=188, 704.6325pt x 770.88pt>
File: figures/golanski2005-rho-t82.png Graphic file (type png)

<use figures/golanski2005-rho-t82.png>
Package pdftex.def Info: figures/golanski2005-rho-t82.png used on input line 48
8.
(pdftex.def)             Requested size: 61.45703pt x 67.22363pt.
Package epstopdf Info: Source file: <figures/constcoeff-rho-182.eps>
(epstopdf)                    date: 2018-08-16 13:20:55
(epstopdf)                    size: 33150 bytes
(epstopdf)             Output file: <figures/constcoeff-rho-182-eps-converted-t
o.pdf>
(epstopdf)                    date: 2018-08-16 13:20:55
(epstopdf)                    size: 11832 bytes
(epstopdf)             Command: <repstopdf --outfile=figures/constcoeff-rho-182
-eps-converted-to.pdf figures/constcoeff-rho-182.eps>
(epstopdf)             \includegraphics on input line 488.
Package epstopdf Info: Output file is already uptodate.

<figures/constcoeff-rho-182-eps-converted-to.pdf, id=189, 361.35pt x 361.35pt>
File: figures/constcoeff-rho-182-eps-converted-to.pdf Graphic file (type pdf)

<use figures/constcoeff-rho-182-eps-converted-to.pdf>
Package pdftex.def Info: figures/constcoeff-rho-182-eps-converted-to.pdf used o
n input line 488.
(pdftex.def)             Requested size: 61.45703pt x 61.45625pt.
Package epstopdf Info: Source file: <figures/varcoeff-rho0-rho-182.eps>
(epstopdf)                    date: 2018-08-16 13:20:55
(epstopdf)                    size: 33295 bytes
(epstopdf)             Output file: <figures/varcoeff-rho0-rho-182-eps-converte
d-to.pdf>
(epstopdf)                    date: 2018-08-16 13:20:55
(epstopdf)                    size: 11840 bytes
(epstopdf)             Command: <repstopdf --outfile=figures/varcoeff-rho0-rho-
182-eps-converted-to.pdf figures/varcoeff-rho0-rho-182.eps>
(epstopdf)             \includegraphics on input line 488.
Package epstopdf Info: Output file is already uptodate.

<figures/varcoeff-rho0-rho-182-eps-converted-to.pdf, id=190, 361.35pt x 361.35p
t>
File: figures/varcoeff-rho0-rho-182-eps-converted-to.pdf Graphic file (type pdf
)
 <use figures/varcoeff-rho0-rho-182-eps-converted-to.pdf>
Package pdftex.def Info: figures/varcoeff-rho0-rho-182-eps-converted-to.pdf use
d on input line 488.
(pdftex.def)             Requested size: 61.45703pt x 61.45625pt.
Package epstopdf Info: Source file: <figures/varcoeff-rhoh-rho-182.eps>
(epstopdf)                    date: 2018-08-16 13:20:55
(epstopdf)                    size: 33295 bytes
(epstopdf)             Output file: <figures/varcoeff-rhoh-rho-182-eps-converte
d-to.pdf>
(epstopdf)                    date: 2018-08-16 13:20:55
(epstopdf)                    size: 11840 bytes
(epstopdf)             Command: <repstopdf --outfile=figures/varcoeff-rhoh-rho-
182-eps-converted-to.pdf figures/varcoeff-rhoh-rho-182.eps>
(epstopdf)             \includegraphics on input line 488.
Package epstopdf Info: Output file is already uptodate.

<figures/varcoeff-rhoh-rho-182-eps-converted-to.pdf, id=191, 361.35pt x 361.35p
t>
File: figures/varcoeff-rhoh-rho-182-eps-converted-to.pdf Graphic file (type pdf
)
 <use figures/varcoeff-rhoh-rho-182-eps-converted-to.pdf>
Package pdftex.def Info: figures/varcoeff-rhoh-rho-182-eps-converted-to.pdf use
d on input line 488.
(pdftex.def)             Requested size: 61.45703pt x 61.45625pt.

<figures/golanski2005-rho-t182.png, id=192, 704.6325pt x 770.88pt>
File: figures/golanski2005-rho-t182.png Graphic file (type png)

<use figures/golanski2005-rho-t182.png>
Package pdftex.def Info: figures/golanski2005-rho-t182.png used on input line 4
88.
(pdftex.def)             Requested size: 61.45703pt x 67.22363pt.

Overfull \vbox (0.71593pt too high) detected at line 488
 []

[15

 <./figures/constcoeff-rho-024-eps-converted-to.pdf> <./figures/varcoeff-rho0-r
ho-024-eps-converted-to.pdf> <./figures/varcoeff-rhoh-rho-024-eps-converted-to.
pdf> <./figures/golanski2005-rho-t24.png> <./figures/constcoeff-rho-082-eps-con
verted-to.pdf> <./figures/varcoeff-rho0-rho-082-eps-converted-to.pdf> <./figure
s/varcoeff-rhoh-rho-082-eps-converted-to.pdf> <./figures/golanski2005-rho-t82.p
ng> <./figures/constcoeff-rho-182-eps-converted-to.pdf> <./figures/varcoeff-rho
0-rho-182-eps-converted-to.pdf> <./figures/varcoeff-rhoh-rho-182-eps-converted-
to.pdf> <./figures/golanski2005-rho-t182.png>]
Package epstopdf Info: Source file: <figures/err_divu.eps>
(epstopdf)                    date: 2018-08-16 13:20:55
(epstopdf)                    size: 396042 bytes
(epstopdf)             Output file: <figures/err_divu-eps-converted-to.pdf>
(epstopdf)                    date: 2018-08-16 13:20:55
(epstopdf)                    size: 104473 bytes
(epstopdf)             Command: <repstopdf --outfile=figures/err_divu-eps-conve
rted-to.pdf figures/err_divu.eps>
(epstopdf)             \includegraphics on input line 498.
Package epstopdf Info: Output file is already uptodate.

<figures/err_divu-eps-converted-to.pdf, id=216, 578.16pt x 433.62pt>
File: figures/err_divu-eps-converted-to.pdf Graphic file (type pdf)

<use figures/err_divu-eps-converted-to.pdf>
Package pdftex.def Info: figures/err_divu-eps-converted-to.pdf used on input li
ne 498.
(pdftex.def)             Requested size: 291.92444pt x 218.93997pt.

Overfull \vbox (11.15224pt too high) detected at line 498
 []

[16

 <./figures/err_divu-eps-converted-to.pdf>] [17

]
Overfull \hbox (2.5998pt too wide) in paragraph at lines 570--570
[]  
 []


Overfull \hbox (21.90005pt too wide) detected at line 570
[]
 []

(./figures/jet.tex) [18

] [19

]

Package natbib Warning: Citation `Birman2005' on page 20 undefined on input lin
e 625.

Package epstopdf Info: Source file: <./figures/constcoeff-gamma0998-rho-000_col
ourplot.eps>
(epstopdf)                    date: 2018-08-16 13:20:55
(epstopdf)                    size: 181351 bytes
(epstopdf)             Output file: <./figures/constcoeff-gamma0998-rho-000_col
ourplot-eps-converted-to.pdf>
(epstopdf)                    date: 2018-08-16 13:20:55
(epstopdf)                    size: 7272 bytes
(epstopdf)             Command: <repstopdf --outfile=./figures/constcoeff-gamma
0998-rho-000_colourplot-eps-converted-to.pdf ./figures/constcoeff-gamma0998-rho
-000_colourplot.eps>
(epstopdf)             \includegraphics on input line 625.
Package epstopdf Info: Output file is already uptodate.

<./figures/constcoeff-gamma0998-rho-000_colourplot-eps-converted-to.pdf, id=288
, 349.305pt x 79.29625pt>
File: ./figures/constcoeff-gamma0998-rho-000_colourplot-eps-converted-to.pdf Gr
aphic file (type pdf)

<use ./figures/constcoeff-gamma0998-rho-000_colourplot-eps-converted-to.pdf>
Package pdftex.def Info: ./figures/constcoeff-gamma0998-rho-000_colourplot-eps-
converted-to.pdf used on input line 625.
(pdftex.def)             Requested size: 153.64493pt x 34.87955pt.
Package epstopdf Info: Source file: <./figures/constcoeff-gamma0998-rho-002_col
ourplot.eps>
(epstopdf)                    date: 2018-08-16 13:20:55
(epstopdf)                    size: 182177 bytes
(epstopdf)             Output file: <./figures/constcoeff-gamma0998-rho-002_col
ourplot-eps-converted-to.pdf>
(epstopdf)                    date: 2018-08-16 13:20:55
(epstopdf)                    size: 8290 bytes
(epstopdf)             Command: <repstopdf --outfile=./figures/constcoeff-gamma
0998-rho-002_colourplot-eps-converted-to.pdf ./figures/constcoeff-gamma0998-rho
-002_colourplot.eps>
(epstopdf)             \includegraphics on input line 625.
Package epstopdf Info: Output file is already uptodate.

<./figures/constcoeff-gamma0998-rho-002_colourplot-eps-converted-to.pdf, id=289
, 349.305pt x 79.29625pt>
File: ./figures/constcoeff-gamma0998-rho-002_colourplot-eps-converted-to.pdf Gr
aphic file (type pdf)

<use ./figures/constcoeff-gamma0998-rho-002_colourplot-eps-converted-to.pdf>
Package pdftex.def Info: ./figures/constcoeff-gamma0998-rho-002_colourplot-eps-
converted-to.pdf used on input line 625.
(pdftex.def)             Requested size: 153.64493pt x 34.87955pt.
Package epstopdf Info: Source file: <./figures/constcoeff-gamma0998-rho-010_col
ourplot.eps>
(epstopdf)                    date: 2018-08-16 13:20:55
(epstopdf)                    size: 190049 bytes
(epstopdf)             Output file: <./figures/constcoeff-gamma0998-rho-010_col
ourplot-eps-converted-to.pdf>
(epstopdf)                    date: 2018-08-16 13:20:55
(epstopdf)                    size: 14190 bytes
(epstopdf)             Command: <repstopdf --outfile=./figures/constcoeff-gamma
0998-rho-010_colourplot-eps-converted-to.pdf ./figures/constcoeff-gamma0998-rho
-010_colourplot.eps>
(epstopdf)             \includegraphics on input line 625.
Package epstopdf Info: Output file is already uptodate.

<./figures/constcoeff-gamma0998-rho-010_colourplot-eps-converted-to.pdf, id=290
, 349.305pt x 79.29625pt>
File: ./figures/constcoeff-gamma0998-rho-010_colourplot-eps-converted-to.pdf Gr
aphic file (type pdf)

<use ./figures/constcoeff-gamma0998-rho-010_colourplot-eps-converted-to.pdf>
Package pdftex.def Info: ./figures/constcoeff-gamma0998-rho-010_colourplot-eps-
converted-to.pdf used on input line 625.
(pdftex.def)             Requested size: 153.64493pt x 34.87955pt.

[20

 <./figures/constcoeff-gamma0998-rho-000_colourplot-eps-converted-to.pdf> <./fi
gures/constcoeff-gamma0998-rho-002_colourplot-eps-converted-to.pdf> <./figures/
constcoeff-gamma0998-rho-010_colourplot-eps-converted-to.pdf>]

Package natbib Warning: Citation `Birman2005' on page 21 undefined on input lin
e 659.

Package epstopdf Info: Source file: <./figures/constcoeff-gamma092-rho-000_colo
urplot.eps>
(epstopdf)                    date: 2018-08-16 13:20:55
(epstopdf)                    size: 181351 bytes
(epstopdf)             Output file: <./figures/constcoeff-gamma092-rho-000_colo
urplot-eps-converted-to.pdf>
(epstopdf)                    date: 2018-08-16 13:20:55
(epstopdf)                    size: 7272 bytes
(epstopdf)             Command: <repstopdf --outfile=./figures/constcoeff-gamma
092-rho-000_colourplot-eps-converted-to.pdf ./figures/constcoeff-gamma092-rho-0
00_colourplot.eps>
(epstopdf)             \includegraphics on input line 659.
Package epstopdf Info: Output file is already uptodate.

<./figures/constcoeff-gamma092-rho-000_colourplot-eps-converted-to.pdf, id=328,
 349.305pt x 79.29625pt>
File: ./figures/constcoeff-gamma092-rho-000_colourplot-eps-converted-to.pdf Gra
phic file (type pdf)

<use ./figures/constcoeff-gamma092-rho-000_colourplot-eps-converted-to.pdf>
Package pdftex.def Info: ./figures/constcoeff-gamma092-rho-000_colourplot-eps-c
onverted-to.pdf used on input line 659.
(pdftex.def)             Requested size: 153.64493pt x 34.87955pt.
Package epstopdf Info: Source file: <./figures/constcoeff-gamma092-rho-002_colo
urplot.eps>
(epstopdf)                    date: 2018-08-16 13:20:55
(epstopdf)                    size: 182206 bytes
(epstopdf)             Output file: <./figures/constcoeff-gamma092-rho-002_colo
urplot-eps-converted-to.pdf>
(epstopdf)                    date: 2018-08-16 13:20:55
(epstopdf)                    size: 8322 bytes
(epstopdf)             Command: <repstopdf --outfile=./figures/constcoeff-gamma
092-rho-002_colourplot-eps-converted-to.pdf ./figures/constcoeff-gamma092-rho-0
02_colourplot.eps>
(epstopdf)             \includegraphics on input line 659.
Package epstopdf Info: Output file is already uptodate.

<./figures/constcoeff-gamma092-rho-002_colourplot-eps-converted-to.pdf, id=329,
 349.305pt x 79.29625pt>
File: ./figures/constcoeff-gamma092-rho-002_colourplot-eps-converted-to.pdf Gra
phic file (type pdf)

<use ./figures/constcoeff-gamma092-rho-002_colourplot-eps-converted-to.pdf>
Package pdftex.def Info: ./figures/constcoeff-gamma092-rho-002_colourplot-eps-c
onverted-to.pdf used on input line 659.
(pdftex.def)             Requested size: 153.64493pt x 34.87955pt.
Package epstopdf Info: Source file: <./figures/constcoeff-gamma092-rho-010_colo
urplot.eps>
(epstopdf)                    date: 2018-08-16 13:20:55
(epstopdf)                    size: 190744 bytes
(epstopdf)             Output file: <./figures/constcoeff-gamma092-rho-010_colo
urplot-eps-converted-to.pdf>
(epstopdf)                    date: 2018-08-16 13:20:55
(epstopdf)                    size: 14722 bytes
(epstopdf)             Command: <repstopdf --outfile=./figures/constcoeff-gamma
092-rho-010_colourplot-eps-converted-to.pdf ./figures/constcoeff-gamma092-rho-0
10_colourplot.eps>
(epstopdf)             \includegraphics on input line 659.
Package epstopdf Info: Output file is already uptodate.

<./figures/constcoeff-gamma092-rho-010_colourplot-eps-converted-to.pdf, id=330,
 349.305pt x 79.29625pt>
File: ./figures/constcoeff-gamma092-rho-010_colourplot-eps-converted-to.pdf Gra
phic file (type pdf)

<use ./figures/constcoeff-gamma092-rho-010_colourplot-eps-converted-to.pdf>
Package pdftex.def Info: ./figures/constcoeff-gamma092-rho-010_colourplot-eps-c
onverted-to.pdf used on input line 659.
(pdftex.def)             Requested size: 153.64493pt x 34.87955pt.
pdfTeX warning (ext4): destination with the same identifier (name{fig:lock-exch
}) has been already used, duplicate ignored
<to be read again> 
                   \relax 
l.659 \end{frame}
                  [21

 <./figures/constcoeff-gamma092-rho-000_colourplot-eps-converted-to.pdf> <./fig
ures/constcoeff-gamma092-rho-002_colourplot-eps-converted-to.pdf> <./figures/co
nstcoeff-gamma092-rho-010_colourplot-eps-converted-to.pdf>]

Package natbib Warning: Citation `Birman2005' on page 22 undefined on input lin
e 693.

Package epstopdf Info: Source file: <./figures/varcoeff-gamma02-rho-000_colourp
lot.eps>
(epstopdf)                    date: 2018-08-16 13:20:55
(epstopdf)                    size: 181351 bytes
(epstopdf)             Output file: <./figures/varcoeff-gamma02-rho-000_colourp
lot-eps-converted-to.pdf>
(epstopdf)                    date: 2018-08-16 13:20:55
(epstopdf)                    size: 7272 bytes
(epstopdf)             Command: <repstopdf --outfile=./figures/varcoeff-gamma02
-rho-000_colourplot-eps-converted-to.pdf ./figures/varcoeff-gamma02-rho-000_col
ourplot.eps>
(epstopdf)             \includegraphics on input line 693.
Package epstopdf Info: Output file is already uptodate.

<./figures/varcoeff-gamma02-rho-000_colourplot-eps-converted-to.pdf, id=364, 34
9.305pt x 79.29625pt>
File: ./figures/varcoeff-gamma02-rho-000_colourplot-eps-converted-to.pdf Graphi
c file (type pdf)

<use ./figures/varcoeff-gamma02-rho-000_colourplot-eps-converted-to.pdf>
Package pdftex.def Info: ./figures/varcoeff-gamma02-rho-000_colourplot-eps-conv
erted-to.pdf used on input line 693.
(pdftex.def)             Requested size: 153.64493pt x 34.87955pt.
Package epstopdf Info: Source file: <./figures/varcoeff-gamma02-rho-002_colourp
lot.eps>
(epstopdf)                    date: 2018-08-16 13:20:55
(epstopdf)                    size: 182404 bytes
(epstopdf)             Output file: <./figures/varcoeff-gamma02-rho-002_colourp
lot-eps-converted-to.pdf>
(epstopdf)                    date: 2018-08-16 13:20:55
(epstopdf)                    size: 8537 bytes
(epstopdf)             Command: <repstopdf --outfile=./figures/varcoeff-gamma02
-rho-002_colourplot-eps-converted-to.pdf ./figures/varcoeff-gamma02-rho-002_col
ourplot.eps>
(epstopdf)             \includegraphics on input line 693.
Package epstopdf Info: Output file is already uptodate.

<./figures/varcoeff-gamma02-rho-002_colourplot-eps-converted-to.pdf, id=365, 34
9.305pt x 79.29625pt>
File: ./figures/varcoeff-gamma02-rho-002_colourplot-eps-converted-to.pdf Graphi
c file (type pdf)

<use ./figures/varcoeff-gamma02-rho-002_colourplot-eps-converted-to.pdf>
Package pdftex.def Info: ./figures/varcoeff-gamma02-rho-002_colourplot-eps-conv
erted-to.pdf used on input line 693.
(pdftex.def)             Requested size: 153.64493pt x 34.87955pt.
Package epstopdf Info: Source file: <./figures/varcoeff-gamma02-rho-010_colourp
lot.eps>
(epstopdf)                    date: 2018-08-16 13:20:55
(epstopdf)                    size: 192600 bytes
(epstopdf)             Output file: <./figures/varcoeff-gamma02-rho-010_colourp
lot-eps-converted-to.pdf>
(epstopdf)                    date: 2018-08-16 13:20:55
(epstopdf)                    size: 14180 bytes
(epstopdf)             Command: <repstopdf --outfile=./figures/varcoeff-gamma02
-rho-010_colourplot-eps-converted-to.pdf ./figures/varcoeff-gamma02-rho-010_col
ourplot.eps>
(epstopdf)             \includegraphics on input line 693.
Package epstopdf Info: Output file is already uptodate.

<./figures/varcoeff-gamma02-rho-010_colourplot-eps-converted-to.pdf, id=366, 34
9.305pt x 79.29625pt>
File: ./figures/varcoeff-gamma02-rho-010_colourplot-eps-converted-to.pdf Graphi
c file (type pdf)

<use ./figures/varcoeff-gamma02-rho-010_colourplot-eps-converted-to.pdf>
Package pdftex.def Info: ./figures/varcoeff-gamma02-rho-010_colourplot-eps-conv
erted-to.pdf used on input line 693.
(pdftex.def)             Requested size: 153.64493pt x 34.87955pt.
pdfTeX warning (ext4): destination with the same identifier (name{fig:lock-exch
}) has been already used, duplicate ignored
<to be read again> 
                   \relax 
l.693 \end{frame}
                  [22

 <./figures/varcoeff-gamma02-rho-000_colourplot-eps-converted-to.pdf> <./figure
s/varcoeff-gamma02-rho-002_colourplot-eps-converted-to.pdf> <./figures/varcoeff
-gamma02-rho-010_colourplot-eps-converted-to.pdf>]
[23

]
No file pres_quasincompact3d.bbl.
\tf@nav=\write6
\openout6 = `pres_quasincompact3d.nav'.

\tf@toc=\write7
\openout7 = `pres_quasincompact3d.toc'.

\tf@snm=\write8
\openout8 = `pres_quasincompact3d.snm'.


Package natbib Warning: There were undefined citations.

Package atveryend Info: Empty hook `BeforeClearDocument' on input line 745.
Package atveryend Info: Empty hook `AfterLastShipout' on input line 745.
(./pres_quasincompact3d.aux)
Package atveryend Info: Executing hook `AtVeryEndDocument' on input line 745.
Package atveryend Info: Executing hook `AtEndAfterFileList' on input line 745.
Package rerunfilecheck Info: File `pres_quasincompact3d.out' has not changed.
(rerunfilecheck)             Checksum: D41D8CD98F00B204E9800998ECF8427E;0.


LaTeX Font Warning: Size substitutions with differences
(Font)              up to 1.0pt have occurred.


LaTeX Font Warning: Some font shapes were not available, defaults substituted.


LaTeX Warning: There were multiply-defined labels.

Package atveryend Info: Empty hook `AtVeryVeryEnd' on input line 745.
 ) 
Here is how much of TeX's memory you used:
 31765 strings out of 493013
 762932 string characters out of 6139264
 1189994 words of memory out of 5000000
 34557 multiletter control sequences out of 15000+600000
 31899 words of font info for 98 fonts, out of 8000000 for 9000
 1141 hyphenation exceptions out of 8191
 81i,25n,101p,737b,2291s stack positions out of 5000i,500n,10000p,200000b,80000s
{/usr/share/texmf-dist/fonts/enc/dvips/cm-super/cm-super-t1.enc}</usr/share/t
exmf-dist/fonts/type1/public/amsfonts/cm/cmbsy10.pfb></usr/share/texmf-dist/fon
ts/type1/public/amsfonts/cmextra/cmbsy9.pfb></usr/share/texmf-dist/fonts/type1/
public/amsfonts/cm/cmex10.pfb></usr/share/texmf-dist/fonts/type1/public/amsfont
s/cmextra/cmex9.pfb></usr/share/texmf-dist/fonts/type1/public/amsfonts/cm/cmmi1
0.pfb></usr/share/texmf-dist/fonts/type1/public/amsfonts/cm/cmmi6.pfb></usr/sha
re/texmf-dist/fonts/type1/public/amsfonts/cm/cmmi8.pfb></usr/share/texmf-dist/f
onts/type1/public/amsfonts/cm/cmmi9.pfb></usr/share/texmf-dist/fonts/type1/publ
ic/amsfonts/cm/cmmib10.pfb></usr/share/texmf-dist/fonts/type1/public/amsfonts/c
m/cmr10.pfb></usr/share/texmf-dist/fonts/type1/public/amsfonts/cm/cmr7.pfb></us
r/share/texmf-dist/fonts/type1/public/amsfonts/cm/cmss10.pfb></usr/share/texmf-
dist/fonts/type1/public/amsfonts/cm/cmss12.pfb></usr/share/texmf-dist/fonts/typ
e1/public/amsfonts/cm/cmss17.pfb></usr/share/texmf-dist/fonts/type1/public/amsf
onts/cm/cmss8.pfb></usr/share/texmf-dist/fonts/type1/public/amsfonts/cm/cmss9.p
fb></usr/share/texmf-dist/fonts/type1/public/amsfonts/cm/cmssbx10.pfb></usr/sha
re/texmf-dist/fonts/type1/public/amsfonts/cm/cmssi10.pfb></usr/share/texmf-dist
/fonts/type1/public/amsfonts/cm/cmssi8.pfb></usr/share/texmf-dist/fonts/type1/p
ublic/amsfonts/cm/cmssi9.pfb></usr/share/texmf-dist/fonts/type1/public/amsfonts
/cm/cmsy10.pfb></usr/share/texmf-dist/fonts/type1/public/amsfonts/cm/cmsy7.pfb>
</usr/share/texmf-dist/fonts/type1/public/amsfonts/cm/cmsy8.pfb></usr/share/tex
mf-dist/fonts/type1/public/amsfonts/cm/cmsy9.pfb></usr/share/texmf-dist/fonts/t
ype1/public/amsfonts/cm/cmtt10.pfb></usr/share/texmf-dist/fonts/type1/public/am
sfonts/cm/cmtt9.pfb></usr/share/texmf-dist/fonts/type1/public/cm-super/sfso0900
.pfb></usr/share/texmf-dist/fonts/type1/public/cm-super/sfso1000.pfb></usr/shar
e/texmf-dist/fonts/type1/urw/ncntrsbk/uncr8a.pfb>
Output written on pres_quasincompact3d.pdf (23 pages, 1755493 bytes).
PDF statistics:
 502 PDF objects out of 1000 (max. 8388607)
 355 compressed objects within 4 object streams
 52 named destinations out of 1000 (max. 500000)
 236 words of extra memory for PDF output out of 10000 (max. 10000000)

